[2021-12-18 15:25:37,661] - a57ee55a-49c3-47a4-94e7-bbcbe2baf43e - DEBUG - [__main__:787] - main...
[2021-12-18 15:25:37,661] - a57ee55a-49c3-47a4-94e7-bbcbe2baf43e - DEBUG - [__main__:555] - parse_args...
[2021-12-18 15:25:37,665] - a57ee55a-49c3-47a4-94e7-bbcbe2baf43e - DEBUG - [__main__:646] - args: Namespace(add=False, all=False, date=False, delete=False, display=False, edit=False, persistent=False, test=False)
[2021-12-18 15:25:37,665] - a57ee55a-49c3-47a4-94e7-bbcbe2baf43e - DEBUG - [__main__:647] - parse_args complete.
[2021-12-18 15:25:37,665] - a57ee55a-49c3-47a4-94e7-bbcbe2baf43e - DEBUG - [__main__:662] - Checking for arguments from shell...
[2021-12-18 15:25:37,665] - a57ee55a-49c3-47a4-94e7-bbcbe2baf43e - DEBUG - [__main__:673] - No arguments from arg_parse. Running self_test()...
[2021-12-18 15:25:37,695] - a57ee55a-49c3-47a4-94e7-bbcbe2baf43e - DEBUG - [application:52] - Initializing...
[2021-12-18 15:25:37,695] - a57ee55a-49c3-47a4-94e7-bbcbe2baf43e - DEBUG - [storage:35] - Initializing...
[2021-12-18 15:25:37,695] - a57ee55a-49c3-47a4-94e7-bbcbe2baf43e - DEBUG - [storage:74] - Initializing complete.
[2021-12-18 15:25:37,695] - a57ee55a-49c3-47a4-94e7-bbcbe2baf43e - DEBUG - [storage:86] - Loading...
[2021-12-18 15:25:37,695] - a57ee55a-49c3-47a4-94e7-bbcbe2baf43e - DEBUG - [storage:108] - Retrieving data from records.yaml...
[2021-12-18 15:25:37,814] - a57ee55a-49c3-47a4-94e7-bbcbe2baf43e - DEBUG - [storage:119] - Retrieving data from records.yaml complete.
[2021-12-18 15:25:37,814] - a57ee55a-49c3-47a4-94e7-bbcbe2baf43e - DEBUG - [storage:140] - Instantiating template objects...
[2021-12-18 15:25:37,814] - a57ee55a-49c3-47a4-94e7-bbcbe2baf43e - DEBUG - [storage:145] - Instantiating template objects complete.
[2021-12-18 15:25:37,814] - a57ee55a-49c3-47a4-94e7-bbcbe2baf43e - DEBUG - [storage:91] - Loading complete.
[2021-12-18 15:25:37,814] - a57ee55a-49c3-47a4-94e7-bbcbe2baf43e - DEBUG - [application:83] - Initializing complete.
[2021-12-18 15:25:37,815] - a57ee55a-49c3-47a4-94e7-bbcbe2baf43e - DEBUG - [application:103] - Add new template...
[2021-12-18 15:25:37,815] - a57ee55a-49c3-47a4-94e7-bbcbe2baf43e - DEBUG - [application:126] - New template added.
[2021-12-18 15:25:37,816] - a57ee55a-49c3-47a4-94e7-bbcbe2baf43e - DEBUG - [application:103] - Add new template...
[2021-12-18 15:25:37,816] - a57ee55a-49c3-47a4-94e7-bbcbe2baf43e - DEBUG - [application:126] - New template added.
[2021-12-18 15:25:37,817] - a57ee55a-49c3-47a4-94e7-bbcbe2baf43e - DEBUG - [application:103] - Add new template...
[2021-12-18 15:25:37,817] - a57ee55a-49c3-47a4-94e7-bbcbe2baf43e - DEBUG - [application:126] - New template added.
[2021-12-18 15:25:37,818] - a57ee55a-49c3-47a4-94e7-bbcbe2baf43e - DEBUG - [application:103] - Add new template...
[2021-12-18 15:25:37,818] - a57ee55a-49c3-47a4-94e7-bbcbe2baf43e - DEBUG - [application:126] - New template added.
[2021-12-18 15:25:37,819] - a57ee55a-49c3-47a4-94e7-bbcbe2baf43e - DEBUG - [application:103] - Add new template...
[2021-12-18 15:25:37,819] - a57ee55a-49c3-47a4-94e7-bbcbe2baf43e - DEBUG - [application:126] - New template added.
[2021-12-18 15:25:37,820] - a57ee55a-49c3-47a4-94e7-bbcbe2baf43e - DEBUG - [application:103] - Add new template...
[2021-12-18 15:25:37,820] - a57ee55a-49c3-47a4-94e7-bbcbe2baf43e - DEBUG - [application:126] - New template added.
[2021-12-18 15:25:37,821] - a57ee55a-49c3-47a4-94e7-bbcbe2baf43e - DEBUG - [application:103] - Add new template...
[2021-12-18 15:25:37,821] - a57ee55a-49c3-47a4-94e7-bbcbe2baf43e - DEBUG - [application:126] - New template added.
[2021-12-18 15:25:37,822] - a57ee55a-49c3-47a4-94e7-bbcbe2baf43e - DEBUG - [application:103] - Add new template...
[2021-12-18 15:25:37,822] - a57ee55a-49c3-47a4-94e7-bbcbe2baf43e - DEBUG - [application:126] - New template added.
[2021-12-18 15:25:37,822] - a57ee55a-49c3-47a4-94e7-bbcbe2baf43e - DEBUG - [application:103] - Add new template...
[2021-12-18 15:25:37,823] - a57ee55a-49c3-47a4-94e7-bbcbe2baf43e - DEBUG - [application:126] - New template added.
[2021-12-18 15:25:37,823] - a57ee55a-49c3-47a4-94e7-bbcbe2baf43e - DEBUG - [application:103] - Add new template...
[2021-12-18 15:25:37,823] - a57ee55a-49c3-47a4-94e7-bbcbe2baf43e - DEBUG - [application:126] - New template added.
[2021-12-18 15:25:37,824] - a57ee55a-49c3-47a4-94e7-bbcbe2baf43e - DEBUG - [application:103] - Add new template...
[2021-12-18 15:25:37,824] - a57ee55a-49c3-47a4-94e7-bbcbe2baf43e - DEBUG - [application:126] - New template added.
[2021-12-18 15:25:37,825] - a57ee55a-49c3-47a4-94e7-bbcbe2baf43e - DEBUG - [application:103] - Add new template...
[2021-12-18 15:25:37,825] - a57ee55a-49c3-47a4-94e7-bbcbe2baf43e - DEBUG - [application:126] - New template added.
[2021-12-18 15:25:37,826] - a57ee55a-49c3-47a4-94e7-bbcbe2baf43e - DEBUG - [application:103] - Add new template...
[2021-12-18 15:25:37,826] - a57ee55a-49c3-47a4-94e7-bbcbe2baf43e - DEBUG - [application:140] - Generate new id number...
[2021-12-18 15:25:37,827] - a57ee55a-49c3-47a4-94e7-bbcbe2baf43e - DEBUG - [application:157] - New id number generated.
[2021-12-18 15:25:37,827] - a57ee55a-49c3-47a4-94e7-bbcbe2baf43e - DEBUG - [application:126] - New template added.
[2021-12-18 15:25:37,827] - a57ee55a-49c3-47a4-94e7-bbcbe2baf43e - DEBUG - [application:249] - Deleting template. Type: HygieneExam, id: 7616346519...
[2021-12-18 15:25:37,827] - a57ee55a-49c3-47a4-94e7-bbcbe2baf43e - DEBUG - [application:274] - Template Type: HygieneExam, id: 7616346519, has been deleted.
[2021-12-18 15:25:37,827] - a57ee55a-49c3-47a4-94e7-bbcbe2baf43e - DEBUG - [core:69] - __eq__...
[2021-12-18 15:25:37,827] - a57ee55a-49c3-47a4-94e7-bbcbe2baf43e - DEBUG - [core:91] - __eq__ = False.
[2021-12-18 15:25:37,827] - a57ee55a-49c3-47a4-94e7-bbcbe2baf43e - DEBUG - [core:69] - __eq__...
[2021-12-18 15:25:37,827] - a57ee55a-49c3-47a4-94e7-bbcbe2baf43e - DEBUG - [core:91] - __eq__ = False.
[2021-12-18 15:25:37,827] - a57ee55a-49c3-47a4-94e7-bbcbe2baf43e - DEBUG - [core:69] - __eq__...
[2021-12-18 15:25:37,827] - a57ee55a-49c3-47a4-94e7-bbcbe2baf43e - DEBUG - [core:91] - __eq__ = False.
[2021-12-18 15:25:37,827] - a57ee55a-49c3-47a4-94e7-bbcbe2baf43e - DEBUG - [core:69] - __eq__...
[2021-12-18 15:25:37,827] - a57ee55a-49c3-47a4-94e7-bbcbe2baf43e - DEBUG - [core:91] - __eq__ = False.
[2021-12-18 15:25:37,827] - a57ee55a-49c3-47a4-94e7-bbcbe2baf43e - DEBUG - [core:137] - HygieneExam, id: 7616346519 to_dict...
[2021-12-18 15:25:37,827] - a57ee55a-49c3-47a4-94e7-bbcbe2baf43e - DEBUG - [core:143] - HygieneExam, id: 7616346519 to_dict.
[2021-12-18 15:25:37,827] - a57ee55a-49c3-47a4-94e7-bbcbe2baf43e - DEBUG - [application:103] - Add new template...
[2021-12-18 15:25:37,827] - a57ee55a-49c3-47a4-94e7-bbcbe2baf43e - DEBUG - [application:140] - Generate new id number...
[2021-12-18 15:25:37,827] - a57ee55a-49c3-47a4-94e7-bbcbe2baf43e - DEBUG - [application:157] - New id number generated.
[2021-12-18 15:25:37,827] - a57ee55a-49c3-47a4-94e7-bbcbe2baf43e - DEBUG - [application:126] - New template added.
[2021-12-18 15:25:37,827] - a57ee55a-49c3-47a4-94e7-bbcbe2baf43e - DEBUG - [core:137] - Surgery, id: 5070205442 to_dict...
[2021-12-18 15:25:37,827] - a57ee55a-49c3-47a4-94e7-bbcbe2baf43e - DEBUG - [core:143] - Surgery, id: 5070205442 to_dict.
[2021-12-18 15:25:37,827] - a57ee55a-49c3-47a4-94e7-bbcbe2baf43e - DEBUG - [application:172] - Finding template to display...
[2021-12-18 15:25:37,827] - a57ee55a-49c3-47a4-94e7-bbcbe2baf43e - DEBUG - [application:195] - Template found.
[2021-12-18 15:25:37,827] - a57ee55a-49c3-47a4-94e7-bbcbe2baf43e - DEBUG - [application:293] - Editing note template...
[2021-12-18 15:25:37,827] - a57ee55a-49c3-47a4-94e7-bbcbe2baf43e - DEBUG - [core:137] - HygieneExam, id: 8307636369 to_dict...
[2021-12-18 15:25:37,827] - a57ee55a-49c3-47a4-94e7-bbcbe2baf43e - DEBUG - [core:143] - HygieneExam, id: 8307636369 to_dict.
[2021-12-18 15:25:37,827] - a57ee55a-49c3-47a4-94e7-bbcbe2baf43e - DEBUG - [application:249] - Deleting template. Type: HygieneExam, id: 8307636369...
[2021-12-18 15:25:37,827] - a57ee55a-49c3-47a4-94e7-bbcbe2baf43e - DEBUG - [core:69] - __eq__...
[2021-12-18 15:25:37,827] - a57ee55a-49c3-47a4-94e7-bbcbe2baf43e - DEBUG - [core:91] - __eq__ = False.
[2021-12-18 15:25:37,827] - a57ee55a-49c3-47a4-94e7-bbcbe2baf43e - DEBUG - [core:69] - __eq__...
[2021-12-18 15:25:37,827] - a57ee55a-49c3-47a4-94e7-bbcbe2baf43e - DEBUG - [core:91] - __eq__ = False.
[2021-12-18 15:25:37,827] - a57ee55a-49c3-47a4-94e7-bbcbe2baf43e - DEBUG - [core:69] - __eq__...
[2021-12-18 15:25:37,827] - a57ee55a-49c3-47a4-94e7-bbcbe2baf43e - DEBUG - [core:91] - __eq__ = False.
[2021-12-18 15:25:37,827] - a57ee55a-49c3-47a4-94e7-bbcbe2baf43e - DEBUG - [application:274] - Template Type: HygieneExam, id: 8307636369, has been deleted.
[2021-12-18 15:25:37,827] - a57ee55a-49c3-47a4-94e7-bbcbe2baf43e - DEBUG - [application:103] - Add new template...
[2021-12-18 15:25:37,828] - a57ee55a-49c3-47a4-94e7-bbcbe2baf43e - DEBUG - [application:126] - New template added.
[2021-12-18 15:25:37,828] - a57ee55a-49c3-47a4-94e7-bbcbe2baf43e - DEBUG - [application:348] - Note template has been edited.
[2021-12-18 15:25:37,828] - a57ee55a-49c3-47a4-94e7-bbcbe2baf43e - DEBUG - [application:350] - Editing note template complete.
[2021-12-18 15:25:37,828] - a57ee55a-49c3-47a4-94e7-bbcbe2baf43e - DEBUG - [core:137] - HygieneExam, id: 8307636369 to_dict...
[2021-12-18 15:25:37,828] - a57ee55a-49c3-47a4-94e7-bbcbe2baf43e - DEBUG - [core:143] - HygieneExam, id: 8307636369 to_dict.
[2021-12-18 15:25:37,828] - a57ee55a-49c3-47a4-94e7-bbcbe2baf43e - DEBUG - [core:137] - HygieneExam, id: 8307636369 to_dict...
[2021-12-18 15:25:37,828] - a57ee55a-49c3-47a4-94e7-bbcbe2baf43e - DEBUG - [core:143] - HygieneExam, id: 8307636369 to_dict.
[2021-12-18 15:25:37,828] - a57ee55a-49c3-47a4-94e7-bbcbe2baf43e - DEBUG - [__main__:675] - self_test() complete.
[2021-12-18 15:25:37,828] - a57ee55a-49c3-47a4-94e7-bbcbe2baf43e - DEBUG - [__main__:677] - arg_parse() arguments found.
[2021-12-18 15:25:37,828] - a57ee55a-49c3-47a4-94e7-bbcbe2baf43e - DEBUG - [__main__:52] - Initializing...
[2021-12-18 15:25:37,828] - a57ee55a-49c3-47a4-94e7-bbcbe2baf43e - DEBUG - [storage:35] - Initializing...
[2021-12-18 15:25:37,828] - a57ee55a-49c3-47a4-94e7-bbcbe2baf43e - DEBUG - [storage:74] - Initializing complete.
[2021-12-18 15:25:37,828] - a57ee55a-49c3-47a4-94e7-bbcbe2baf43e - DEBUG - [storage:86] - Loading...
[2021-12-18 15:25:37,828] - a57ee55a-49c3-47a4-94e7-bbcbe2baf43e - DEBUG - [storage:108] - Retrieving data from records.yaml...
[2021-12-18 15:25:37,947] - a57ee55a-49c3-47a4-94e7-bbcbe2baf43e - DEBUG - [storage:119] - Retrieving data from records.yaml complete.
[2021-12-18 15:25:37,947] - a57ee55a-49c3-47a4-94e7-bbcbe2baf43e - DEBUG - [storage:140] - Instantiating template objects...
[2021-12-18 15:25:37,947] - a57ee55a-49c3-47a4-94e7-bbcbe2baf43e - DEBUG - [storage:145] - Instantiating template objects complete.
[2021-12-18 15:25:37,947] - a57ee55a-49c3-47a4-94e7-bbcbe2baf43e - DEBUG - [storage:91] - Loading complete.
[2021-12-18 15:25:37,947] - a57ee55a-49c3-47a4-94e7-bbcbe2baf43e - DEBUG - [__main__:83] - Initializing complete.
[2021-12-18 15:25:37,947] - a57ee55a-49c3-47a4-94e7-bbcbe2baf43e - DEBUG - [__main__:689] - Parsing arguments through application...
[2021-12-18 15:25:37,947] - a57ee55a-49c3-47a4-94e7-bbcbe2baf43e - DEBUG - [__main__:791] - main.
