[2021-12-19 22:06:08,241] - 1803de77-29c8-4a62-b8fd-08299d81b887 - DEBUG - [root:784] - main...
[2021-12-19 22:06:08,241] - 1803de77-29c8-4a62-b8fd-08299d81b887 - DEBUG - [root:552] - parse_args...
[2021-12-19 22:06:08,245] - 1803de77-29c8-4a62-b8fd-08299d81b887 - DEBUG - [root:643] - args: Namespace(add=False, all=False, date=False, delete=False, display=False, edit=False, persistent=False, test=True)
[2021-12-19 22:06:08,245] - 1803de77-29c8-4a62-b8fd-08299d81b887 - DEBUG - [root:644] - parse_args complete.
[2021-12-19 22:06:08,245] - 1803de77-29c8-4a62-b8fd-08299d81b887 - DEBUG - [root:659] - Checking for arguments from shell...
[2021-12-19 22:06:08,245] - 1803de77-29c8-4a62-b8fd-08299d81b887 - DEBUG - [root:674] - arg_parse() arguments found.
[2021-12-19 22:06:08,245] - 1803de77-29c8-4a62-b8fd-08299d81b887 - DEBUG - [root:677] - Begin unittest...
[2021-12-19 22:06:08,273] - 1803de77-29c8-4a62-b8fd-08299d81b887 - DEBUG - [root:49] - Initializing...
[2021-12-19 22:06:08,273] - 1803de77-29c8-4a62-b8fd-08299d81b887 - DEBUG - [storage:35] - Initializing...
[2021-12-19 22:06:08,273] - 1803de77-29c8-4a62-b8fd-08299d81b887 - DEBUG - [storage:74] - Initializing complete.
[2021-12-19 22:06:08,273] - 1803de77-29c8-4a62-b8fd-08299d81b887 - DEBUG - [storage:86] - Loading...
[2021-12-19 22:06:08,273] - 1803de77-29c8-4a62-b8fd-08299d81b887 - DEBUG - [storage:108] - Retrieving data from records.yaml...
[2021-12-19 22:06:08,387] - 1803de77-29c8-4a62-b8fd-08299d81b887 - DEBUG - [storage:119] - Retrieving data from records.yaml complete.
[2021-12-19 22:06:08,387] - 1803de77-29c8-4a62-b8fd-08299d81b887 - DEBUG - [storage:140] - Instantiating template objects...
[2021-12-19 22:06:08,388] - 1803de77-29c8-4a62-b8fd-08299d81b887 - DEBUG - [storage:145] - Instantiating template objects complete.
[2021-12-19 22:06:08,388] - 1803de77-29c8-4a62-b8fd-08299d81b887 - DEBUG - [storage:91] - Loading complete.
[2021-12-19 22:06:08,388] - 1803de77-29c8-4a62-b8fd-08299d81b887 - DEBUG - [root:80] - Initializing complete.
[2021-12-19 22:06:08,389] - 1803de77-29c8-4a62-b8fd-08299d81b887 - DEBUG - [root:100] - Add new template...
[2021-12-19 22:06:08,389] - 1803de77-29c8-4a62-b8fd-08299d81b887 - DEBUG - [root:123] - New template added.
[2021-12-19 22:06:08,390] - 1803de77-29c8-4a62-b8fd-08299d81b887 - DEBUG - [root:100] - Add new template...
[2021-12-19 22:06:08,390] - 1803de77-29c8-4a62-b8fd-08299d81b887 - DEBUG - [root:123] - New template added.
[2021-12-19 22:06:08,391] - 1803de77-29c8-4a62-b8fd-08299d81b887 - DEBUG - [root:100] - Add new template...
[2021-12-19 22:06:08,391] - 1803de77-29c8-4a62-b8fd-08299d81b887 - DEBUG - [root:123] - New template added.
[2021-12-19 22:06:08,391] - 1803de77-29c8-4a62-b8fd-08299d81b887 - DEBUG - [root:100] - Add new template...
[2021-12-19 22:06:08,392] - 1803de77-29c8-4a62-b8fd-08299d81b887 - DEBUG - [root:123] - New template added.
[2021-12-19 22:06:08,392] - 1803de77-29c8-4a62-b8fd-08299d81b887 - DEBUG - [root:100] - Add new template...
[2021-12-19 22:06:08,393] - 1803de77-29c8-4a62-b8fd-08299d81b887 - DEBUG - [root:123] - New template added.
[2021-12-19 22:06:08,393] - 1803de77-29c8-4a62-b8fd-08299d81b887 - DEBUG - [root:100] - Add new template...
[2021-12-19 22:06:08,393] - 1803de77-29c8-4a62-b8fd-08299d81b887 - DEBUG - [root:123] - New template added.
[2021-12-19 22:06:08,394] - 1803de77-29c8-4a62-b8fd-08299d81b887 - DEBUG - [root:100] - Add new template...
[2021-12-19 22:06:08,394] - 1803de77-29c8-4a62-b8fd-08299d81b887 - DEBUG - [root:123] - New template added.
[2021-12-19 22:06:08,395] - 1803de77-29c8-4a62-b8fd-08299d81b887 - DEBUG - [root:100] - Add new template...
[2021-12-19 22:06:08,395] - 1803de77-29c8-4a62-b8fd-08299d81b887 - DEBUG - [root:123] - New template added.
[2021-12-19 22:06:08,396] - 1803de77-29c8-4a62-b8fd-08299d81b887 - DEBUG - [root:100] - Add new template...
[2021-12-19 22:06:08,396] - 1803de77-29c8-4a62-b8fd-08299d81b887 - DEBUG - [root:123] - New template added.
[2021-12-19 22:06:08,397] - 1803de77-29c8-4a62-b8fd-08299d81b887 - DEBUG - [root:100] - Add new template...
[2021-12-19 22:06:08,397] - 1803de77-29c8-4a62-b8fd-08299d81b887 - DEBUG - [root:123] - New template added.
[2021-12-19 22:06:08,399] - 1803de77-29c8-4a62-b8fd-08299d81b887 - DEBUG - [root:100] - Add new template...
[2021-12-19 22:06:08,399] - 1803de77-29c8-4a62-b8fd-08299d81b887 - DEBUG - [root:137] - Generate new id number...
[2021-12-19 22:06:08,402] - 1803de77-29c8-4a62-b8fd-08299d81b887 - DEBUG - [core:69] - __eq__...
[2021-12-19 22:06:08,402] - 1803de77-29c8-4a62-b8fd-08299d81b887 - DEBUG - [core:91] - __eq__ = False.
[2021-12-19 22:06:08,402] - 1803de77-29c8-4a62-b8fd-08299d81b887 - DEBUG - [root:246] - Deleting template. Type: LimitedExam, id: 1154458581...
[2021-12-19 22:06:08,402] - 1803de77-29c8-4a62-b8fd-08299d81b887 - DEBUG - [core:69] - __eq__...
[2021-12-19 22:06:08,402] - 1803de77-29c8-4a62-b8fd-08299d81b887 - DEBUG - [core:91] - __eq__ = False.
[2021-12-19 22:06:08,402] - 1803de77-29c8-4a62-b8fd-08299d81b887 - DEBUG - [root:271] - Template Type: LimitedExam, id: 1154458581, has been deleted.
[2021-12-19 22:06:08,402] - 1803de77-29c8-4a62-b8fd-08299d81b887 - DEBUG - [core:69] - __eq__...
[2021-12-19 22:06:08,402] - 1803de77-29c8-4a62-b8fd-08299d81b887 - DEBUG - [core:91] - __eq__ = False.
[2021-12-19 22:06:08,402] - 1803de77-29c8-4a62-b8fd-08299d81b887 - DEBUG - [core:69] - __eq__...
[2021-12-19 22:06:08,402] - 1803de77-29c8-4a62-b8fd-08299d81b887 - DEBUG - [core:91] - __eq__ = False.
[2021-12-19 22:06:08,402] - 1803de77-29c8-4a62-b8fd-08299d81b887 - DEBUG - [core:137] - LimitedExam, id: 1154458581 to_dict...
[2021-12-19 22:06:08,402] - 1803de77-29c8-4a62-b8fd-08299d81b887 - DEBUG - [core:143] - LimitedExam, id: 1154458581 to_dict.
[2021-12-19 22:06:08,402] - 1803de77-29c8-4a62-b8fd-08299d81b887 - DEBUG - [root:100] - Add new template...
[2021-12-19 22:06:08,402] - 1803de77-29c8-4a62-b8fd-08299d81b887 - DEBUG - [root:137] - Generate new id number...
[2021-12-19 22:06:08,402] - 1803de77-29c8-4a62-b8fd-08299d81b887 - DEBUG - [core:137] - PeriodicExam, id: 8515522884 to_dict...
[2021-12-19 22:06:08,402] - 1803de77-29c8-4a62-b8fd-08299d81b887 - DEBUG - [core:143] - PeriodicExam, id: 8515522884 to_dict.
[2021-12-19 22:06:08,402] - 1803de77-29c8-4a62-b8fd-08299d81b887 - DEBUG - [root:169] - Finding template to display...
[2021-12-19 22:06:08,402] - 1803de77-29c8-4a62-b8fd-08299d81b887 - DEBUG - [root:192] - Template found.
[2021-12-19 22:06:08,402] - 1803de77-29c8-4a62-b8fd-08299d81b887 - DEBUG - [root:290] - Editing note template...
[2021-12-19 22:06:08,402] - 1803de77-29c8-4a62-b8fd-08299d81b887 - DEBUG - [core:137] - HygieneExam, id: 4677069038 to_dict...
[2021-12-19 22:06:08,402] - 1803de77-29c8-4a62-b8fd-08299d81b887 - DEBUG - [core:143] - HygieneExam, id: 4677069038 to_dict.
[2021-12-19 22:06:08,402] - 1803de77-29c8-4a62-b8fd-08299d81b887 - DEBUG - [root:246] - Deleting template. Type: HygieneExam, id: 4677069038...
[2021-12-19 22:06:08,402] - 1803de77-29c8-4a62-b8fd-08299d81b887 - DEBUG - [core:69] - __eq__...
[2021-12-19 22:06:08,403] - 1803de77-29c8-4a62-b8fd-08299d81b887 - DEBUG - [core:91] - __eq__ = False.
[2021-12-19 22:06:08,403] - 1803de77-29c8-4a62-b8fd-08299d81b887 - DEBUG - [core:69] - __eq__...
[2021-12-19 22:06:08,403] - 1803de77-29c8-4a62-b8fd-08299d81b887 - DEBUG - [core:91] - __eq__ = False.
[2021-12-19 22:06:08,403] - 1803de77-29c8-4a62-b8fd-08299d81b887 - DEBUG - [root:271] - Template Type: HygieneExam, id: 4677069038, has been deleted.
[2021-12-19 22:06:08,403] - 1803de77-29c8-4a62-b8fd-08299d81b887 - DEBUG - [root:100] - Add new template...
[2021-12-19 22:06:08,403] - 1803de77-29c8-4a62-b8fd-08299d81b887 - DEBUG - [root:123] - New template added.
[2021-12-19 22:06:08,403] - 1803de77-29c8-4a62-b8fd-08299d81b887 - DEBUG - [root:345] - Note template has been edited.
[2021-12-19 22:06:08,403] - 1803de77-29c8-4a62-b8fd-08299d81b887 - DEBUG - [root:347] - Editing note template complete.
[2021-12-19 22:06:08,403] - 1803de77-29c8-4a62-b8fd-08299d81b887 - DEBUG - [core:137] - HygieneExam, id: 4677069038 to_dict...
[2021-12-19 22:06:08,403] - 1803de77-29c8-4a62-b8fd-08299d81b887 - DEBUG - [core:143] - HygieneExam, id: 4677069038 to_dict.
[2021-12-19 22:06:08,403] - 1803de77-29c8-4a62-b8fd-08299d81b887 - DEBUG - [core:137] - HygieneExam, id: 4677069038 to_dict...
[2021-12-19 22:06:08,403] - 1803de77-29c8-4a62-b8fd-08299d81b887 - DEBUG - [core:143] - HygieneExam, id: 4677069038 to_dict.
[2021-12-19 22:06:08,404] - 1803de77-29c8-4a62-b8fd-08299d81b887 - DEBUG - [storage:35] - Initializing...
[2021-12-19 22:06:08,404] - 1803de77-29c8-4a62-b8fd-08299d81b887 - DEBUG - [storage:74] - Initializing complete.
[2021-12-19 22:06:08,419] - 1803de77-29c8-4a62-b8fd-08299d81b887 - WARNING - [storage:192] - Error for ID #: 8650195456. ID already in use for another note template.
[2021-12-19 22:06:08,419] - 1803de77-29c8-4a62-b8fd-08299d81b887 - WARNING - [storage:186] - Error for ID #: 86501954561. Must be 10.
[2021-12-19 22:06:08,421] - 1803de77-29c8-4a62-b8fd-08299d81b887 - DEBUG - [core:137] - LimitedExam, id: 5226343792 to_dict...
[2021-12-19 22:06:08,421] - 1803de77-29c8-4a62-b8fd-08299d81b887 - DEBUG - [core:143] - LimitedExam, id: 5226343792 to_dict.
[2021-12-19 22:06:08,421] - 1803de77-29c8-4a62-b8fd-08299d81b887 - DEBUG - [core:137] - LimitedExam, id: 5226343792 to_dict...
[2021-12-19 22:06:08,421] - 1803de77-29c8-4a62-b8fd-08299d81b887 - DEBUG - [core:143] - LimitedExam, id: 5226343792 to_dict.
[2021-12-19 22:06:08,422] - 1803de77-29c8-4a62-b8fd-08299d81b887 - DEBUG - [root:683] - Unittest complete.
[2021-12-19 22:06:08,422] - 1803de77-29c8-4a62-b8fd-08299d81b887 - DEBUG - [root:49] - Initializing...
[2021-12-19 22:06:08,422] - 1803de77-29c8-4a62-b8fd-08299d81b887 - DEBUG - [storage:35] - Initializing...
[2021-12-19 22:06:08,422] - 1803de77-29c8-4a62-b8fd-08299d81b887 - DEBUG - [storage:74] - Initializing complete.
[2021-12-19 22:06:08,422] - 1803de77-29c8-4a62-b8fd-08299d81b887 - DEBUG - [storage:86] - Loading...
[2021-12-19 22:06:08,422] - 1803de77-29c8-4a62-b8fd-08299d81b887 - DEBUG - [storage:108] - Retrieving data from records.yaml...
[2021-12-19 22:06:08,552] - 1803de77-29c8-4a62-b8fd-08299d81b887 - DEBUG - [storage:119] - Retrieving data from records.yaml complete.
[2021-12-19 22:06:08,552] - 1803de77-29c8-4a62-b8fd-08299d81b887 - DEBUG - [storage:140] - Instantiating template objects...
[2021-12-19 22:06:08,552] - 1803de77-29c8-4a62-b8fd-08299d81b887 - DEBUG - [storage:145] - Instantiating template objects complete.
[2021-12-19 22:06:08,552] - 1803de77-29c8-4a62-b8fd-08299d81b887 - DEBUG - [storage:91] - Loading complete.
[2021-12-19 22:06:08,552] - 1803de77-29c8-4a62-b8fd-08299d81b887 - DEBUG - [root:80] - Initializing complete.
[2021-12-19 22:06:08,552] - 1803de77-29c8-4a62-b8fd-08299d81b887 - DEBUG - [root:686] - Parsing arguments through application...
[2021-12-19 22:06:08,552] - 1803de77-29c8-4a62-b8fd-08299d81b887 - DEBUG - [root:788] - main.
[2021-12-19 22:06:38,368] - 497a1984-af11-4b3d-bfdc-6d5be58fb4c2 - DEBUG - [root:784] - main...
[2021-12-19 22:06:38,368] - 497a1984-af11-4b3d-bfdc-6d5be58fb4c2 - DEBUG - [root:552] - parse_args...
[2021-12-19 22:06:38,372] - 497a1984-af11-4b3d-bfdc-6d5be58fb4c2 - DEBUG - [root:643] - args: Namespace(add=False, all=False, date=False, delete=False, display=False, edit=False, persistent=False, test=True)
[2021-12-19 22:06:38,372] - 497a1984-af11-4b3d-bfdc-6d5be58fb4c2 - DEBUG - [root:644] - parse_args complete.
[2021-12-19 22:06:38,372] - 497a1984-af11-4b3d-bfdc-6d5be58fb4c2 - DEBUG - [root:659] - Checking for arguments from shell...
[2021-12-19 22:06:38,372] - 497a1984-af11-4b3d-bfdc-6d5be58fb4c2 - DEBUG - [root:674] - arg_parse() arguments found.
[2021-12-19 22:06:38,372] - 497a1984-af11-4b3d-bfdc-6d5be58fb4c2 - DEBUG - [root:677] - Begin unittest...
[2021-12-19 22:06:38,401] - 497a1984-af11-4b3d-bfdc-6d5be58fb4c2 - DEBUG - [root:49] - Initializing...
[2021-12-19 22:06:38,401] - 497a1984-af11-4b3d-bfdc-6d5be58fb4c2 - DEBUG - [storage:35] - Initializing...
[2021-12-19 22:06:38,401] - 497a1984-af11-4b3d-bfdc-6d5be58fb4c2 - DEBUG - [storage:74] - Initializing complete.
[2021-12-19 22:06:38,401] - 497a1984-af11-4b3d-bfdc-6d5be58fb4c2 - DEBUG - [storage:86] - Loading...
[2021-12-19 22:06:38,401] - 497a1984-af11-4b3d-bfdc-6d5be58fb4c2 - DEBUG - [storage:108] - Retrieving data from records.yaml...
[2021-12-19 22:06:38,517] - 497a1984-af11-4b3d-bfdc-6d5be58fb4c2 - DEBUG - [storage:119] - Retrieving data from records.yaml complete.
[2021-12-19 22:06:38,517] - 497a1984-af11-4b3d-bfdc-6d5be58fb4c2 - DEBUG - [storage:140] - Instantiating template objects...
[2021-12-19 22:06:38,517] - 497a1984-af11-4b3d-bfdc-6d5be58fb4c2 - DEBUG - [storage:145] - Instantiating template objects complete.
[2021-12-19 22:06:38,517] - 497a1984-af11-4b3d-bfdc-6d5be58fb4c2 - DEBUG - [storage:91] - Loading complete.
[2021-12-19 22:06:38,517] - 497a1984-af11-4b3d-bfdc-6d5be58fb4c2 - DEBUG - [root:80] - Initializing complete.
[2021-12-19 22:06:38,518] - 497a1984-af11-4b3d-bfdc-6d5be58fb4c2 - DEBUG - [root:100] - Add new template...
[2021-12-19 22:06:38,518] - 497a1984-af11-4b3d-bfdc-6d5be58fb4c2 - DEBUG - [root:123] - New template added.
[2021-12-19 22:06:38,519] - 497a1984-af11-4b3d-bfdc-6d5be58fb4c2 - DEBUG - [root:100] - Add new template...
[2021-12-19 22:06:38,519] - 497a1984-af11-4b3d-bfdc-6d5be58fb4c2 - DEBUG - [root:123] - New template added.
[2021-12-19 22:06:38,520] - 497a1984-af11-4b3d-bfdc-6d5be58fb4c2 - DEBUG - [root:100] - Add new template...
[2021-12-19 22:06:38,520] - 497a1984-af11-4b3d-bfdc-6d5be58fb4c2 - DEBUG - [root:123] - New template added.
[2021-12-19 22:06:38,521] - 497a1984-af11-4b3d-bfdc-6d5be58fb4c2 - DEBUG - [root:100] - Add new template...
[2021-12-19 22:06:38,521] - 497a1984-af11-4b3d-bfdc-6d5be58fb4c2 - DEBUG - [root:123] - New template added.
[2021-12-19 22:06:38,522] - 497a1984-af11-4b3d-bfdc-6d5be58fb4c2 - DEBUG - [root:100] - Add new template...
[2021-12-19 22:06:38,522] - 497a1984-af11-4b3d-bfdc-6d5be58fb4c2 - DEBUG - [root:123] - New template added.
[2021-12-19 22:06:38,523] - 497a1984-af11-4b3d-bfdc-6d5be58fb4c2 - DEBUG - [root:100] - Add new template...
[2021-12-19 22:06:38,523] - 497a1984-af11-4b3d-bfdc-6d5be58fb4c2 - DEBUG - [root:123] - New template added.
[2021-12-19 22:06:38,524] - 497a1984-af11-4b3d-bfdc-6d5be58fb4c2 - DEBUG - [root:100] - Add new template...
[2021-12-19 22:06:38,524] - 497a1984-af11-4b3d-bfdc-6d5be58fb4c2 - DEBUG - [root:123] - New template added.
[2021-12-19 22:06:38,525] - 497a1984-af11-4b3d-bfdc-6d5be58fb4c2 - DEBUG - [root:100] - Add new template...
[2021-12-19 22:06:38,525] - 497a1984-af11-4b3d-bfdc-6d5be58fb4c2 - DEBUG - [root:123] - New template added.
[2021-12-19 22:06:38,526] - 497a1984-af11-4b3d-bfdc-6d5be58fb4c2 - DEBUG - [root:100] - Add new template...
[2021-12-19 22:06:38,526] - 497a1984-af11-4b3d-bfdc-6d5be58fb4c2 - DEBUG - [root:123] - New template added.
[2021-12-19 22:06:38,527] - 497a1984-af11-4b3d-bfdc-6d5be58fb4c2 - DEBUG - [root:100] - Add new template...
[2021-12-19 22:06:38,527] - 497a1984-af11-4b3d-bfdc-6d5be58fb4c2 - DEBUG - [root:123] - New template added.
[2021-12-19 22:06:38,528] - 497a1984-af11-4b3d-bfdc-6d5be58fb4c2 - DEBUG - [root:100] - Add new template...
[2021-12-19 22:06:38,528] - 497a1984-af11-4b3d-bfdc-6d5be58fb4c2 - DEBUG - [root:123] - New template added.
[2021-12-19 22:06:38,529] - 497a1984-af11-4b3d-bfdc-6d5be58fb4c2 - DEBUG - [root:100] - Add new template...
[2021-12-19 22:06:38,529] - 497a1984-af11-4b3d-bfdc-6d5be58fb4c2 - DEBUG - [root:123] - New template added.
[2021-12-19 22:06:38,530] - 497a1984-af11-4b3d-bfdc-6d5be58fb4c2 - DEBUG - [root:100] - Add new template...
[2021-12-19 22:06:38,530] - 497a1984-af11-4b3d-bfdc-6d5be58fb4c2 - DEBUG - [root:137] - Generate new id number...
[2021-12-19 22:06:38,530] - 497a1984-af11-4b3d-bfdc-6d5be58fb4c2 - DEBUG - [root:154] - New id number generated.
[2021-12-19 22:06:38,530] - 497a1984-af11-4b3d-bfdc-6d5be58fb4c2 - DEBUG - [root:123] - New template added.
[2021-12-19 22:06:38,530] - 497a1984-af11-4b3d-bfdc-6d5be58fb4c2 - DEBUG - [core:69] - __eq__...
[2021-12-19 22:06:38,530] - 497a1984-af11-4b3d-bfdc-6d5be58fb4c2 - DEBUG - [core:91] - __eq__ = False.
[2021-12-19 22:06:38,530] - 497a1984-af11-4b3d-bfdc-6d5be58fb4c2 - DEBUG - [core:69] - __eq__...
[2021-12-19 22:06:38,531] - 497a1984-af11-4b3d-bfdc-6d5be58fb4c2 - DEBUG - [core:91] - __eq__ = False.
[2021-12-19 22:06:38,531] - 497a1984-af11-4b3d-bfdc-6d5be58fb4c2 - DEBUG - [root:246] - Deleting template. Type: LimitedExam, id: 4558357340...
[2021-12-19 22:06:38,531] - 497a1984-af11-4b3d-bfdc-6d5be58fb4c2 - DEBUG - [core:69] - __eq__...
[2021-12-19 22:06:38,531] - 497a1984-af11-4b3d-bfdc-6d5be58fb4c2 - DEBUG - [core:91] - __eq__ = False.
[2021-12-19 22:06:38,531] - 497a1984-af11-4b3d-bfdc-6d5be58fb4c2 - DEBUG - [core:69] - __eq__...
[2021-12-19 22:06:38,531] - 497a1984-af11-4b3d-bfdc-6d5be58fb4c2 - DEBUG - [core:91] - __eq__ = False.
[2021-12-19 22:06:38,531] - 497a1984-af11-4b3d-bfdc-6d5be58fb4c2 - DEBUG - [root:271] - Template Type: LimitedExam, id: 4558357340, has been deleted.
[2021-12-19 22:06:38,531] - 497a1984-af11-4b3d-bfdc-6d5be58fb4c2 - DEBUG - [core:69] - __eq__...
[2021-12-19 22:06:38,531] - 497a1984-af11-4b3d-bfdc-6d5be58fb4c2 - DEBUG - [core:91] - __eq__ = False.
[2021-12-19 22:06:38,531] - 497a1984-af11-4b3d-bfdc-6d5be58fb4c2 - DEBUG - [core:69] - __eq__...
[2021-12-19 22:06:38,531] - 497a1984-af11-4b3d-bfdc-6d5be58fb4c2 - DEBUG - [core:91] - __eq__ = False.
[2021-12-19 22:06:38,531] - 497a1984-af11-4b3d-bfdc-6d5be58fb4c2 - DEBUG - [core:137] - LimitedExam, id: 4558357340 to_dict...
[2021-12-19 22:06:38,531] - 497a1984-af11-4b3d-bfdc-6d5be58fb4c2 - DEBUG - [core:143] - LimitedExam, id: 4558357340 to_dict.
[2021-12-19 22:06:38,531] - 497a1984-af11-4b3d-bfdc-6d5be58fb4c2 - DEBUG - [root:100] - Add new template...
[2021-12-19 22:06:38,531] - 497a1984-af11-4b3d-bfdc-6d5be58fb4c2 - DEBUG - [root:137] - Generate new id number...
[2021-12-19 22:06:38,531] - 497a1984-af11-4b3d-bfdc-6d5be58fb4c2 - DEBUG - [root:154] - New id number generated.
[2021-12-19 22:06:38,531] - 497a1984-af11-4b3d-bfdc-6d5be58fb4c2 - DEBUG - [root:123] - New template added.
[2021-12-19 22:06:38,531] - 497a1984-af11-4b3d-bfdc-6d5be58fb4c2 - DEBUG - [core:137] - LimitedExam, id: 8277929102 to_dict...
[2021-12-19 22:06:38,531] - 497a1984-af11-4b3d-bfdc-6d5be58fb4c2 - DEBUG - [core:143] - LimitedExam, id: 8277929102 to_dict.
[2021-12-19 22:06:38,531] - 497a1984-af11-4b3d-bfdc-6d5be58fb4c2 - DEBUG - [root:169] - Finding template to display...
[2021-12-19 22:06:38,531] - 497a1984-af11-4b3d-bfdc-6d5be58fb4c2 - DEBUG - [root:192] - Template found.
[2021-12-19 22:06:38,531] - 497a1984-af11-4b3d-bfdc-6d5be58fb4c2 - DEBUG - [root:290] - Editing note template...
[2021-12-19 22:06:38,531] - 497a1984-af11-4b3d-bfdc-6d5be58fb4c2 - DEBUG - [core:137] - PeriodicExam, id: 9734476512 to_dict...
[2021-12-19 22:06:38,531] - 497a1984-af11-4b3d-bfdc-6d5be58fb4c2 - DEBUG - [core:143] - PeriodicExam, id: 9734476512 to_dict.
[2021-12-19 22:06:38,531] - 497a1984-af11-4b3d-bfdc-6d5be58fb4c2 - DEBUG - [root:246] - Deleting template. Type: PeriodicExam, id: 9734476512...
[2021-12-19 22:06:38,531] - 497a1984-af11-4b3d-bfdc-6d5be58fb4c2 - DEBUG - [root:271] - Template Type: PeriodicExam, id: 9734476512, has been deleted.
[2021-12-19 22:06:38,531] - 497a1984-af11-4b3d-bfdc-6d5be58fb4c2 - DEBUG - [root:100] - Add new template...
[2021-12-19 22:06:38,531] - 497a1984-af11-4b3d-bfdc-6d5be58fb4c2 - DEBUG - [root:123] - New template added.
[2021-12-19 22:06:38,531] - 497a1984-af11-4b3d-bfdc-6d5be58fb4c2 - DEBUG - [root:345] - Note template has been edited.
[2021-12-19 22:06:38,531] - 497a1984-af11-4b3d-bfdc-6d5be58fb4c2 - DEBUG - [root:347] - Editing note template complete.
[2021-12-19 22:06:38,531] - 497a1984-af11-4b3d-bfdc-6d5be58fb4c2 - DEBUG - [core:137] - PeriodicExam, id: 9734476512 to_dict...
[2021-12-19 22:06:38,531] - 497a1984-af11-4b3d-bfdc-6d5be58fb4c2 - DEBUG - [core:143] - PeriodicExam, id: 9734476512 to_dict.
[2021-12-19 22:06:38,531] - 497a1984-af11-4b3d-bfdc-6d5be58fb4c2 - DEBUG - [core:137] - PeriodicExam, id: 9734476512 to_dict...
[2021-12-19 22:06:38,531] - 497a1984-af11-4b3d-bfdc-6d5be58fb4c2 - DEBUG - [core:143] - PeriodicExam, id: 9734476512 to_dict.
[2021-12-19 22:06:38,532] - 497a1984-af11-4b3d-bfdc-6d5be58fb4c2 - DEBUG - [storage:35] - Initializing...
[2021-12-19 22:06:38,532] - 497a1984-af11-4b3d-bfdc-6d5be58fb4c2 - DEBUG - [storage:74] - Initializing complete.
[2021-12-19 22:06:38,543] - 497a1984-af11-4b3d-bfdc-6d5be58fb4c2 - WARNING - [storage:192] - Error for ID #: 4444973312. ID already in use for another note template.
[2021-12-19 22:06:38,543] - 497a1984-af11-4b3d-bfdc-6d5be58fb4c2 - WARNING - [storage:186] - Error for ID #: 44449733121. Must be 10.
[2021-12-19 22:06:38,544] - 497a1984-af11-4b3d-bfdc-6d5be58fb4c2 - DEBUG - [core:137] - PeriodicExam, id: 3802668582 to_dict...
[2021-12-19 22:06:38,545] - 497a1984-af11-4b3d-bfdc-6d5be58fb4c2 - DEBUG - [core:143] - PeriodicExam, id: 3802668582 to_dict.
[2021-12-19 22:06:38,545] - 497a1984-af11-4b3d-bfdc-6d5be58fb4c2 - DEBUG - [core:137] - PeriodicExam, id: 3802668582 to_dict...
[2021-12-19 22:06:38,545] - 497a1984-af11-4b3d-bfdc-6d5be58fb4c2 - DEBUG - [core:143] - PeriodicExam, id: 3802668582 to_dict.
[2021-12-19 22:06:38,545] - 497a1984-af11-4b3d-bfdc-6d5be58fb4c2 - DEBUG - [root:683] - Unittest complete.
[2021-12-19 22:06:38,545] - 497a1984-af11-4b3d-bfdc-6d5be58fb4c2 - DEBUG - [root:49] - Initializing...
[2021-12-19 22:06:38,545] - 497a1984-af11-4b3d-bfdc-6d5be58fb4c2 - DEBUG - [storage:35] - Initializing...
[2021-12-19 22:06:38,545] - 497a1984-af11-4b3d-bfdc-6d5be58fb4c2 - DEBUG - [storage:74] - Initializing complete.
[2021-12-19 22:06:38,545] - 497a1984-af11-4b3d-bfdc-6d5be58fb4c2 - DEBUG - [storage:86] - Loading...
[2021-12-19 22:06:38,545] - 497a1984-af11-4b3d-bfdc-6d5be58fb4c2 - DEBUG - [storage:108] - Retrieving data from records.yaml...
[2021-12-19 22:06:38,679] - 497a1984-af11-4b3d-bfdc-6d5be58fb4c2 - DEBUG - [storage:119] - Retrieving data from records.yaml complete.
[2021-12-19 22:06:38,679] - 497a1984-af11-4b3d-bfdc-6d5be58fb4c2 - DEBUG - [storage:140] - Instantiating template objects...
[2021-12-19 22:06:38,679] - 497a1984-af11-4b3d-bfdc-6d5be58fb4c2 - DEBUG - [storage:145] - Instantiating template objects complete.
[2021-12-19 22:06:38,679] - 497a1984-af11-4b3d-bfdc-6d5be58fb4c2 - DEBUG - [storage:91] - Loading complete.
[2021-12-19 22:06:38,679] - 497a1984-af11-4b3d-bfdc-6d5be58fb4c2 - DEBUG - [root:80] - Initializing complete.
[2021-12-19 22:06:38,679] - 497a1984-af11-4b3d-bfdc-6d5be58fb4c2 - DEBUG - [root:686] - Parsing arguments through application...
[2021-12-19 22:06:38,679] - 497a1984-af11-4b3d-bfdc-6d5be58fb4c2 - DEBUG - [root:788] - main.
[2021-12-19 22:07:54,107] - 4e42041f-3a95-46b6-9453-59de40696eda - DEBUG - [root:784] - main...
[2021-12-19 22:07:54,107] - 4e42041f-3a95-46b6-9453-59de40696eda - DEBUG - [root:552] - parse_args...
[2021-12-19 22:07:54,110] - 4e42041f-3a95-46b6-9453-59de40696eda - DEBUG - [root:643] - args: Namespace(add=False, all=False, date=False, delete=False, display=False, edit=False, persistent=False, test=True)
[2021-12-19 22:07:54,110] - 4e42041f-3a95-46b6-9453-59de40696eda - DEBUG - [root:644] - parse_args complete.
[2021-12-19 22:07:54,110] - 4e42041f-3a95-46b6-9453-59de40696eda - DEBUG - [root:659] - Checking for arguments from shell...
[2021-12-19 22:07:54,110] - 4e42041f-3a95-46b6-9453-59de40696eda - DEBUG - [root:674] - arg_parse() arguments found.
[2021-12-19 22:07:54,110] - 4e42041f-3a95-46b6-9453-59de40696eda - DEBUG - [root:677] - Begin unittest...
[2021-12-19 22:07:54,135] - 4e42041f-3a95-46b6-9453-59de40696eda - DEBUG - [root:49] - Initializing...
[2021-12-19 22:07:54,135] - 4e42041f-3a95-46b6-9453-59de40696eda - DEBUG - [storage:35] - Initializing...
[2021-12-19 22:07:54,135] - 4e42041f-3a95-46b6-9453-59de40696eda - DEBUG - [storage:74] - Initializing complete.
[2021-12-19 22:07:54,135] - 4e42041f-3a95-46b6-9453-59de40696eda - DEBUG - [storage:86] - Loading...
[2021-12-19 22:07:54,135] - 4e42041f-3a95-46b6-9453-59de40696eda - DEBUG - [storage:108] - Retrieving data from records.yaml...
[2021-12-19 22:07:54,250] - 4e42041f-3a95-46b6-9453-59de40696eda - DEBUG - [storage:119] - Retrieving data from records.yaml complete.
[2021-12-19 22:07:54,250] - 4e42041f-3a95-46b6-9453-59de40696eda - DEBUG - [storage:140] - Instantiating template objects...
[2021-12-19 22:07:54,250] - 4e42041f-3a95-46b6-9453-59de40696eda - DEBUG - [storage:145] - Instantiating template objects complete.
[2021-12-19 22:07:54,250] - 4e42041f-3a95-46b6-9453-59de40696eda - DEBUG - [storage:91] - Loading complete.
[2021-12-19 22:07:54,250] - 4e42041f-3a95-46b6-9453-59de40696eda - DEBUG - [root:80] - Initializing complete.
[2021-12-19 22:07:54,251] - 4e42041f-3a95-46b6-9453-59de40696eda - DEBUG - [root:100] - Add new template...
[2021-12-19 22:07:54,251] - 4e42041f-3a95-46b6-9453-59de40696eda - DEBUG - [root:123] - New template added.
[2021-12-19 22:07:54,252] - 4e42041f-3a95-46b6-9453-59de40696eda - DEBUG - [root:100] - Add new template...
[2021-12-19 22:07:54,252] - 4e42041f-3a95-46b6-9453-59de40696eda - DEBUG - [root:123] - New template added.
[2021-12-19 22:07:54,253] - 4e42041f-3a95-46b6-9453-59de40696eda - DEBUG - [root:100] - Add new template...
[2021-12-19 22:07:54,253] - 4e42041f-3a95-46b6-9453-59de40696eda - DEBUG - [root:123] - New template added.
[2021-12-19 22:07:54,254] - 4e42041f-3a95-46b6-9453-59de40696eda - DEBUG - [root:100] - Add new template...
[2021-12-19 22:07:54,254] - 4e42041f-3a95-46b6-9453-59de40696eda - DEBUG - [root:123] - New template added.
[2021-12-19 22:07:54,255] - 4e42041f-3a95-46b6-9453-59de40696eda - DEBUG - [root:100] - Add new template...
[2021-12-19 22:07:54,255] - 4e42041f-3a95-46b6-9453-59de40696eda - DEBUG - [root:123] - New template added.
[2021-12-19 22:07:54,256] - 4e42041f-3a95-46b6-9453-59de40696eda - DEBUG - [root:100] - Add new template...
[2021-12-19 22:07:54,256] - 4e42041f-3a95-46b6-9453-59de40696eda - DEBUG - [root:123] - New template added.
[2021-12-19 22:07:54,257] - 4e42041f-3a95-46b6-9453-59de40696eda - DEBUG - [root:100] - Add new template...
[2021-12-19 22:07:54,257] - 4e42041f-3a95-46b6-9453-59de40696eda - DEBUG - [root:123] - New template added.
[2021-12-19 22:07:54,258] - 4e42041f-3a95-46b6-9453-59de40696eda - DEBUG - [root:100] - Add new template...
[2021-12-19 22:07:54,258] - 4e42041f-3a95-46b6-9453-59de40696eda - DEBUG - [root:123] - New template added.
[2021-12-19 22:07:54,259] - 4e42041f-3a95-46b6-9453-59de40696eda - DEBUG - [root:100] - Add new template...
[2021-12-19 22:07:54,259] - 4e42041f-3a95-46b6-9453-59de40696eda - DEBUG - [root:123] - New template added.
[2021-12-19 22:07:54,260] - 4e42041f-3a95-46b6-9453-59de40696eda - DEBUG - [root:100] - Add new template...
[2021-12-19 22:07:54,260] - 4e42041f-3a95-46b6-9453-59de40696eda - DEBUG - [root:123] - New template added.
[2021-12-19 22:07:54,261] - 4e42041f-3a95-46b6-9453-59de40696eda - DEBUG - [root:100] - Add new template...
[2021-12-19 22:07:54,261] - 4e42041f-3a95-46b6-9453-59de40696eda - DEBUG - [root:137] - Generate new id number...
[2021-12-19 22:07:54,261] - 4e42041f-3a95-46b6-9453-59de40696eda - DEBUG - [root:154] - New id number generated.
[2021-12-19 22:07:54,261] - 4e42041f-3a95-46b6-9453-59de40696eda - DEBUG - [root:123] - New template added.
[2021-12-19 22:07:54,261] - 4e42041f-3a95-46b6-9453-59de40696eda - DEBUG - [root:246] - Deleting template. Type: ComprehensiveExam, id: 1799149124...
[2021-12-19 22:07:54,261] - 4e42041f-3a95-46b6-9453-59de40696eda - DEBUG - [root:271] - Template Type: ComprehensiveExam, id: 1799149124, has been deleted.
[2021-12-19 22:07:54,261] - 4e42041f-3a95-46b6-9453-59de40696eda - DEBUG - [core:69] - __eq__...
[2021-12-19 22:07:54,261] - 4e42041f-3a95-46b6-9453-59de40696eda - DEBUG - [core:91] - __eq__ = False.
[2021-12-19 22:07:54,261] - 4e42041f-3a95-46b6-9453-59de40696eda - DEBUG - [core:137] - ComprehensiveExam, id: 1799149124 to_dict...
[2021-12-19 22:07:54,261] - 4e42041f-3a95-46b6-9453-59de40696eda - DEBUG - [core:143] - ComprehensiveExam, id: 1799149124 to_dict.
[2021-12-19 22:07:54,261] - 4e42041f-3a95-46b6-9453-59de40696eda - DEBUG - [root:100] - Add new template...
[2021-12-19 22:07:54,261] - 4e42041f-3a95-46b6-9453-59de40696eda - DEBUG - [root:137] - Generate new id number...
[2021-12-19 22:07:54,261] - 4e42041f-3a95-46b6-9453-59de40696eda - DEBUG - [root:154] - New id number generated.
[2021-12-19 22:07:54,261] - 4e42041f-3a95-46b6-9453-59de40696eda - DEBUG - [root:123] - New template added.
[2021-12-19 22:07:54,262] - 4e42041f-3a95-46b6-9453-59de40696eda - DEBUG - [core:137] - PeriodicExam, id: 8865754395 to_dict...
[2021-12-19 22:07:54,262] - 4e42041f-3a95-46b6-9453-59de40696eda - DEBUG - [core:143] - PeriodicExam, id: 8865754395 to_dict.
[2021-12-19 22:07:54,262] - 4e42041f-3a95-46b6-9453-59de40696eda - DEBUG - [root:169] - Finding template to display...
[2021-12-19 22:07:54,262] - 4e42041f-3a95-46b6-9453-59de40696eda - DEBUG - [root:192] - Template found.
[2021-12-19 22:07:54,262] - 4e42041f-3a95-46b6-9453-59de40696eda - DEBUG - [root:290] - Editing note template...
[2021-12-19 22:07:54,262] - 4e42041f-3a95-46b6-9453-59de40696eda - DEBUG - [core:137] - ComprehensiveExam, id: 7356564478 to_dict...
[2021-12-19 22:07:54,262] - 4e42041f-3a95-46b6-9453-59de40696eda - DEBUG - [core:143] - ComprehensiveExam, id: 7356564478 to_dict.
[2021-12-19 22:07:54,262] - 4e42041f-3a95-46b6-9453-59de40696eda - DEBUG - [root:246] - Deleting template. Type: ComprehensiveExam, id: 7356564478...
[2021-12-19 22:07:54,262] - 4e42041f-3a95-46b6-9453-59de40696eda - DEBUG - [core:69] - __eq__...
[2021-12-19 22:07:54,262] - 4e42041f-3a95-46b6-9453-59de40696eda - DEBUG - [core:91] - __eq__ = False.
[2021-12-19 22:07:54,262] - 4e42041f-3a95-46b6-9453-59de40696eda - DEBUG - [root:271] - Template Type: ComprehensiveExam, id: 7356564478, has been deleted.
[2021-12-19 22:07:54,262] - 4e42041f-3a95-46b6-9453-59de40696eda - DEBUG - [root:100] - Add new template...
[2021-12-19 22:07:54,262] - 4e42041f-3a95-46b6-9453-59de40696eda - DEBUG - [root:123] - New template added.
[2021-12-19 22:07:54,262] - 4e42041f-3a95-46b6-9453-59de40696eda - DEBUG - [root:345] - Note template has been edited.
[2021-12-19 22:07:54,262] - 4e42041f-3a95-46b6-9453-59de40696eda - DEBUG - [root:347] - Editing note template complete.
[2021-12-19 22:07:54,262] - 4e42041f-3a95-46b6-9453-59de40696eda - DEBUG - [core:137] - ComprehensiveExam, id: 7356564478 to_dict...
[2021-12-19 22:07:54,262] - 4e42041f-3a95-46b6-9453-59de40696eda - DEBUG - [core:143] - ComprehensiveExam, id: 7356564478 to_dict.
[2021-12-19 22:07:54,262] - 4e42041f-3a95-46b6-9453-59de40696eda - DEBUG - [core:137] - ComprehensiveExam, id: 7356564478 to_dict...
[2021-12-19 22:07:54,262] - 4e42041f-3a95-46b6-9453-59de40696eda - DEBUG - [core:143] - ComprehensiveExam, id: 7356564478 to_dict.
[2021-12-19 22:07:54,262] - 4e42041f-3a95-46b6-9453-59de40696eda - DEBUG - [storage:35] - Initializing...
[2021-12-19 22:07:54,262] - 4e42041f-3a95-46b6-9453-59de40696eda - DEBUG - [storage:74] - Initializing complete.
[2021-12-19 22:07:54,273] - 4e42041f-3a95-46b6-9453-59de40696eda - WARNING - [storage:192] - Error for ID #: 8297171916. ID already in use for another note template.
[2021-12-19 22:07:54,273] - 4e42041f-3a95-46b6-9453-59de40696eda - WARNING - [storage:186] - Error for ID #: 82971719161. Must be 10.
[2021-12-19 22:07:54,274] - 4e42041f-3a95-46b6-9453-59de40696eda - DEBUG - [core:137] - Surgery, id: 8870018571 to_dict...
[2021-12-19 22:07:54,274] - 4e42041f-3a95-46b6-9453-59de40696eda - DEBUG - [core:143] - Surgery, id: 8870018571 to_dict.
[2021-12-19 22:07:54,274] - 4e42041f-3a95-46b6-9453-59de40696eda - DEBUG - [core:137] - Surgery, id: 8870018571 to_dict...
[2021-12-19 22:07:54,275] - 4e42041f-3a95-46b6-9453-59de40696eda - DEBUG - [core:143] - Surgery, id: 8870018571 to_dict.
[2021-12-19 22:07:54,275] - 4e42041f-3a95-46b6-9453-59de40696eda - DEBUG - [root:683] - Unittest complete.
[2021-12-19 22:07:54,275] - 4e42041f-3a95-46b6-9453-59de40696eda - DEBUG - [root:49] - Initializing...
[2021-12-19 22:07:54,275] - 4e42041f-3a95-46b6-9453-59de40696eda - DEBUG - [storage:35] - Initializing...
[2021-12-19 22:07:54,275] - 4e42041f-3a95-46b6-9453-59de40696eda - DEBUG - [storage:74] - Initializing complete.
[2021-12-19 22:07:54,275] - 4e42041f-3a95-46b6-9453-59de40696eda - DEBUG - [storage:86] - Loading...
[2021-12-19 22:07:54,275] - 4e42041f-3a95-46b6-9453-59de40696eda - DEBUG - [storage:108] - Retrieving data from records.yaml...
[2021-12-19 22:07:54,393] - 4e42041f-3a95-46b6-9453-59de40696eda - DEBUG - [storage:119] - Retrieving data from records.yaml complete.
[2021-12-19 22:07:54,393] - 4e42041f-3a95-46b6-9453-59de40696eda - DEBUG - [storage:140] - Instantiating template objects...
[2021-12-19 22:07:54,393] - 4e42041f-3a95-46b6-9453-59de40696eda - DEBUG - [storage:145] - Instantiating template objects complete.
[2021-12-19 22:07:54,393] - 4e42041f-3a95-46b6-9453-59de40696eda - DEBUG - [storage:91] - Loading complete.
[2021-12-19 22:07:54,393] - 4e42041f-3a95-46b6-9453-59de40696eda - DEBUG - [root:80] - Initializing complete.
[2021-12-19 22:07:54,393] - 4e42041f-3a95-46b6-9453-59de40696eda - DEBUG - [root:686] - Parsing arguments through application...
[2021-12-19 22:07:54,393] - 4e42041f-3a95-46b6-9453-59de40696eda - DEBUG - [root:788] - main.
[2021-12-19 22:13:50,561] - dd1f3a11-6942-4df5-a6d8-9f542158dec3 - DEBUG - [__main__:784] - main...
[2021-12-19 22:13:50,561] - dd1f3a11-6942-4df5-a6d8-9f542158dec3 - DEBUG - [__main__:552] - parse_args...
[2021-12-19 22:13:50,566] - dd1f3a11-6942-4df5-a6d8-9f542158dec3 - DEBUG - [__main__:643] - args: Namespace(add=False, all=False, date=False, delete=False, display=False, edit=False, persistent=False, test=True)
[2021-12-19 22:13:50,566] - dd1f3a11-6942-4df5-a6d8-9f542158dec3 - DEBUG - [__main__:644] - parse_args complete.
[2021-12-19 22:13:50,566] - dd1f3a11-6942-4df5-a6d8-9f542158dec3 - DEBUG - [__main__:659] - Checking for arguments from shell...
[2021-12-19 22:13:50,566] - dd1f3a11-6942-4df5-a6d8-9f542158dec3 - DEBUG - [__main__:674] - arg_parse() arguments found.
[2021-12-19 22:13:50,566] - dd1f3a11-6942-4df5-a6d8-9f542158dec3 - DEBUG - [__main__:677] - Begin unittest...
[2021-12-19 22:13:50,611] - dd1f3a11-6942-4df5-a6d8-9f542158dec3 - DEBUG - [application:49] - Initializing...
[2021-12-19 22:13:50,612] - dd1f3a11-6942-4df5-a6d8-9f542158dec3 - DEBUG - [storage:35] - Initializing...
[2021-12-19 22:13:50,612] - dd1f3a11-6942-4df5-a6d8-9f542158dec3 - DEBUG - [storage:74] - Initializing complete.
[2021-12-19 22:13:50,612] - dd1f3a11-6942-4df5-a6d8-9f542158dec3 - DEBUG - [storage:86] - Loading...
[2021-12-19 22:13:50,612] - dd1f3a11-6942-4df5-a6d8-9f542158dec3 - DEBUG - [storage:108] - Retrieving data from records.yaml...
[2021-12-19 22:13:50,752] - dd1f3a11-6942-4df5-a6d8-9f542158dec3 - DEBUG - [storage:119] - Retrieving data from records.yaml complete.
[2021-12-19 22:13:50,752] - dd1f3a11-6942-4df5-a6d8-9f542158dec3 - DEBUG - [storage:140] - Instantiating template objects...
[2021-12-19 22:13:50,752] - dd1f3a11-6942-4df5-a6d8-9f542158dec3 - DEBUG - [storage:145] - Instantiating template objects complete.
[2021-12-19 22:13:50,753] - dd1f3a11-6942-4df5-a6d8-9f542158dec3 - DEBUG - [storage:91] - Loading complete.
[2021-12-19 22:13:50,753] - dd1f3a11-6942-4df5-a6d8-9f542158dec3 - DEBUG - [application:80] - Initializing complete.
[2021-12-19 22:13:50,754] - dd1f3a11-6942-4df5-a6d8-9f542158dec3 - DEBUG - [application:100] - Add new template...
[2021-12-19 22:13:50,754] - dd1f3a11-6942-4df5-a6d8-9f542158dec3 - DEBUG - [application:123] - New template added.
[2021-12-19 22:13:50,755] - dd1f3a11-6942-4df5-a6d8-9f542158dec3 - DEBUG - [application:100] - Add new template...
[2021-12-19 22:13:50,755] - dd1f3a11-6942-4df5-a6d8-9f542158dec3 - DEBUG - [application:123] - New template added.
[2021-12-19 22:13:50,756] - dd1f3a11-6942-4df5-a6d8-9f542158dec3 - DEBUG - [application:100] - Add new template...
[2021-12-19 22:13:50,756] - dd1f3a11-6942-4df5-a6d8-9f542158dec3 - DEBUG - [application:123] - New template added.
[2021-12-19 22:13:50,757] - dd1f3a11-6942-4df5-a6d8-9f542158dec3 - DEBUG - [application:100] - Add new template...
[2021-12-19 22:13:50,757] - dd1f3a11-6942-4df5-a6d8-9f542158dec3 - DEBUG - [application:123] - New template added.
[2021-12-19 22:13:50,758] - dd1f3a11-6942-4df5-a6d8-9f542158dec3 - DEBUG - [application:100] - Add new template...
[2021-12-19 22:13:50,758] - dd1f3a11-6942-4df5-a6d8-9f542158dec3 - DEBUG - [application:123] - New template added.
[2021-12-19 22:13:50,759] - dd1f3a11-6942-4df5-a6d8-9f542158dec3 - DEBUG - [application:100] - Add new template...
[2021-12-19 22:13:50,759] - dd1f3a11-6942-4df5-a6d8-9f542158dec3 - DEBUG - [application:123] - New template added.
[2021-12-19 22:13:50,760] - dd1f3a11-6942-4df5-a6d8-9f542158dec3 - DEBUG - [application:100] - Add new template...
[2021-12-19 22:13:50,760] - dd1f3a11-6942-4df5-a6d8-9f542158dec3 - DEBUG - [application:123] - New template added.
[2021-12-19 22:13:50,761] - dd1f3a11-6942-4df5-a6d8-9f542158dec3 - DEBUG - [application:100] - Add new template...
[2021-12-19 22:13:50,761] - dd1f3a11-6942-4df5-a6d8-9f542158dec3 - DEBUG - [application:123] - New template added.
[2021-12-19 22:13:50,762] - dd1f3a11-6942-4df5-a6d8-9f542158dec3 - DEBUG - [application:100] - Add new template...
[2021-12-19 22:13:50,762] - dd1f3a11-6942-4df5-a6d8-9f542158dec3 - DEBUG - [application:123] - New template added.
[2021-12-19 22:13:50,763] - dd1f3a11-6942-4df5-a6d8-9f542158dec3 - DEBUG - [application:100] - Add new template...
[2021-12-19 22:13:50,763] - dd1f3a11-6942-4df5-a6d8-9f542158dec3 - DEBUG - [application:123] - New template added.
[2021-12-19 22:13:50,764] - dd1f3a11-6942-4df5-a6d8-9f542158dec3 - DEBUG - [application:100] - Add new template...
[2021-12-19 22:13:50,764] - dd1f3a11-6942-4df5-a6d8-9f542158dec3 - DEBUG - [application:137] - Generate new id number...
[2021-12-19 22:13:50,764] - dd1f3a11-6942-4df5-a6d8-9f542158dec3 - DEBUG - [application:154] - New id number generated.
[2021-12-19 22:13:50,764] - dd1f3a11-6942-4df5-a6d8-9f542158dec3 - DEBUG - [application:123] - New template added.
[2021-12-19 22:13:50,764] - dd1f3a11-6942-4df5-a6d8-9f542158dec3 - DEBUG - [core:69] - __eq__...
[2021-12-19 22:13:50,764] - dd1f3a11-6942-4df5-a6d8-9f542158dec3 - DEBUG - [core:91] - __eq__ = False.
[2021-12-19 22:13:50,764] - dd1f3a11-6942-4df5-a6d8-9f542158dec3 - DEBUG - [application:246] - Deleting template. Type: ComprehensiveExam, id: 3019034152...
[2021-12-19 22:13:50,764] - dd1f3a11-6942-4df5-a6d8-9f542158dec3 - DEBUG - [core:69] - __eq__...
[2021-12-19 22:13:50,764] - dd1f3a11-6942-4df5-a6d8-9f542158dec3 - DEBUG - [core:91] - __eq__ = False.
[2021-12-19 22:13:50,764] - dd1f3a11-6942-4df5-a6d8-9f542158dec3 - DEBUG - [application:271] - Template Type: ComprehensiveExam, id: 3019034152, has been deleted.
[2021-12-19 22:13:50,764] - dd1f3a11-6942-4df5-a6d8-9f542158dec3 - DEBUG - [core:69] - __eq__...
[2021-12-19 22:13:50,764] - dd1f3a11-6942-4df5-a6d8-9f542158dec3 - DEBUG - [core:91] - __eq__ = False.
[2021-12-19 22:13:50,764] - dd1f3a11-6942-4df5-a6d8-9f542158dec3 - DEBUG - [core:69] - __eq__...
[2021-12-19 22:13:50,765] - dd1f3a11-6942-4df5-a6d8-9f542158dec3 - DEBUG - [core:91] - __eq__ = False.
[2021-12-19 22:13:50,765] - dd1f3a11-6942-4df5-a6d8-9f542158dec3 - DEBUG - [core:137] - ComprehensiveExam, id: 3019034152 to_dict...
[2021-12-19 22:13:50,765] - dd1f3a11-6942-4df5-a6d8-9f542158dec3 - DEBUG - [core:143] - ComprehensiveExam, id: 3019034152 to_dict.
[2021-12-19 22:13:50,765] - dd1f3a11-6942-4df5-a6d8-9f542158dec3 - DEBUG - [application:100] - Add new template...
[2021-12-19 22:13:50,765] - dd1f3a11-6942-4df5-a6d8-9f542158dec3 - DEBUG - [application:137] - Generate new id number...
[2021-12-19 22:13:50,765] - dd1f3a11-6942-4df5-a6d8-9f542158dec3 - DEBUG - [application:154] - New id number generated.
[2021-12-19 22:13:50,765] - dd1f3a11-6942-4df5-a6d8-9f542158dec3 - DEBUG - [application:123] - New template added.
[2021-12-19 22:13:50,765] - dd1f3a11-6942-4df5-a6d8-9f542158dec3 - DEBUG - [core:137] - PeriodicExam, id: 2652928943 to_dict...
[2021-12-19 22:13:50,765] - dd1f3a11-6942-4df5-a6d8-9f542158dec3 - DEBUG - [core:143] - PeriodicExam, id: 2652928943 to_dict.
[2021-12-19 22:13:50,765] - dd1f3a11-6942-4df5-a6d8-9f542158dec3 - DEBUG - [application:169] - Finding template to display...
[2021-12-19 22:13:50,765] - dd1f3a11-6942-4df5-a6d8-9f542158dec3 - DEBUG - [application:192] - Template found.
[2021-12-19 22:13:50,765] - dd1f3a11-6942-4df5-a6d8-9f542158dec3 - DEBUG - [application:290] - Editing note template...
[2021-12-19 22:13:50,765] - dd1f3a11-6942-4df5-a6d8-9f542158dec3 - DEBUG - [core:137] - PeriodicExam, id: 6158828682 to_dict...
[2021-12-19 22:13:50,765] - dd1f3a11-6942-4df5-a6d8-9f542158dec3 - DEBUG - [core:143] - PeriodicExam, id: 6158828682 to_dict.
[2021-12-19 22:13:50,765] - dd1f3a11-6942-4df5-a6d8-9f542158dec3 - DEBUG - [application:246] - Deleting template. Type: PeriodicExam, id: 6158828682...
[2021-12-19 22:13:50,765] - dd1f3a11-6942-4df5-a6d8-9f542158dec3 - DEBUG - [application:271] - Template Type: PeriodicExam, id: 6158828682, has been deleted.
[2021-12-19 22:13:50,765] - dd1f3a11-6942-4df5-a6d8-9f542158dec3 - DEBUG - [application:100] - Add new template...
[2021-12-19 22:13:50,765] - dd1f3a11-6942-4df5-a6d8-9f542158dec3 - DEBUG - [application:123] - New template added.
[2021-12-19 22:13:50,765] - dd1f3a11-6942-4df5-a6d8-9f542158dec3 - DEBUG - [application:345] - Note template has been edited.
[2021-12-19 22:13:50,765] - dd1f3a11-6942-4df5-a6d8-9f542158dec3 - DEBUG - [application:347] - Editing note template complete.
[2021-12-19 22:13:50,765] - dd1f3a11-6942-4df5-a6d8-9f542158dec3 - DEBUG - [core:137] - PeriodicExam, id: 6158828682 to_dict...
[2021-12-19 22:13:50,765] - dd1f3a11-6942-4df5-a6d8-9f542158dec3 - DEBUG - [core:143] - PeriodicExam, id: 6158828682 to_dict.
[2021-12-19 22:13:50,765] - dd1f3a11-6942-4df5-a6d8-9f542158dec3 - DEBUG - [core:137] - PeriodicExam, id: 6158828682 to_dict...
[2021-12-19 22:13:50,765] - dd1f3a11-6942-4df5-a6d8-9f542158dec3 - DEBUG - [core:143] - PeriodicExam, id: 6158828682 to_dict.
[2021-12-19 22:13:50,765] - dd1f3a11-6942-4df5-a6d8-9f542158dec3 - DEBUG - [storage:35] - Initializing...
[2021-12-19 22:13:50,766] - dd1f3a11-6942-4df5-a6d8-9f542158dec3 - DEBUG - [storage:74] - Initializing complete.
[2021-12-19 22:13:50,776] - dd1f3a11-6942-4df5-a6d8-9f542158dec3 - WARNING - [storage:192] - Error for ID #: 2049137996. ID already in use for another note template.
[2021-12-19 22:13:50,776] - dd1f3a11-6942-4df5-a6d8-9f542158dec3 - WARNING - [storage:186] - Error for ID #: 20491379961. Must be 10.
[2021-12-19 22:13:50,778] - dd1f3a11-6942-4df5-a6d8-9f542158dec3 - DEBUG - [core:137] - ComprehensiveExam, id: 4717574798 to_dict...
[2021-12-19 22:13:50,778] - dd1f3a11-6942-4df5-a6d8-9f542158dec3 - DEBUG - [core:143] - ComprehensiveExam, id: 4717574798 to_dict.
[2021-12-19 22:13:50,779] - dd1f3a11-6942-4df5-a6d8-9f542158dec3 - DEBUG - [core:137] - ComprehensiveExam, id: 4717574798 to_dict...
[2021-12-19 22:13:50,779] - dd1f3a11-6942-4df5-a6d8-9f542158dec3 - DEBUG - [core:143] - ComprehensiveExam, id: 4717574798 to_dict.
[2021-12-19 22:13:50,779] - dd1f3a11-6942-4df5-a6d8-9f542158dec3 - DEBUG - [__main__:683] - Unittest complete.
[2021-12-19 22:13:50,779] - dd1f3a11-6942-4df5-a6d8-9f542158dec3 - DEBUG - [__main__:49] - Initializing...
[2021-12-19 22:13:50,779] - dd1f3a11-6942-4df5-a6d8-9f542158dec3 - DEBUG - [storage:35] - Initializing...
[2021-12-19 22:13:50,779] - dd1f3a11-6942-4df5-a6d8-9f542158dec3 - DEBUG - [storage:74] - Initializing complete.
[2021-12-19 22:13:50,779] - dd1f3a11-6942-4df5-a6d8-9f542158dec3 - DEBUG - [storage:86] - Loading...
[2021-12-19 22:13:50,779] - dd1f3a11-6942-4df5-a6d8-9f542158dec3 - DEBUG - [storage:108] - Retrieving data from records.yaml...
[2021-12-19 22:13:50,946] - dd1f3a11-6942-4df5-a6d8-9f542158dec3 - DEBUG - [storage:119] - Retrieving data from records.yaml complete.
[2021-12-19 22:13:50,946] - dd1f3a11-6942-4df5-a6d8-9f542158dec3 - DEBUG - [storage:140] - Instantiating template objects...
[2021-12-19 22:13:50,946] - dd1f3a11-6942-4df5-a6d8-9f542158dec3 - DEBUG - [storage:145] - Instantiating template objects complete.
[2021-12-19 22:13:50,946] - dd1f3a11-6942-4df5-a6d8-9f542158dec3 - DEBUG - [storage:91] - Loading complete.
[2021-12-19 22:13:50,946] - dd1f3a11-6942-4df5-a6d8-9f542158dec3 - DEBUG - [__main__:80] - Initializing complete.
[2021-12-19 22:13:50,946] - dd1f3a11-6942-4df5-a6d8-9f542158dec3 - DEBUG - [__main__:686] - Parsing arguments through application...
[2021-12-19 22:13:50,946] - dd1f3a11-6942-4df5-a6d8-9f542158dec3 - DEBUG - [__main__:788] - main.
[2021-12-20 00:34:20,735] - 86779b45-3670-414d-b6d4-1c57436e57de - DEBUG - [root:784] - main...
[2021-12-20 00:34:20,735] - 86779b45-3670-414d-b6d4-1c57436e57de - DEBUG - [root:552] - parse_args...
[2021-12-20 00:34:20,739] - 86779b45-3670-414d-b6d4-1c57436e57de - DEBUG - [root:643] - args: Namespace(add=False, all=False, date=False, delete=False, display=False, edit=False, persistent=False, test=True)
[2021-12-20 00:34:20,740] - 86779b45-3670-414d-b6d4-1c57436e57de - DEBUG - [root:644] - parse_args complete.
[2021-12-20 00:34:20,740] - 86779b45-3670-414d-b6d4-1c57436e57de - DEBUG - [root:659] - Checking for arguments from shell...
[2021-12-20 00:34:20,740] - 86779b45-3670-414d-b6d4-1c57436e57de - DEBUG - [root:674] - arg_parse() arguments found.
[2021-12-20 00:34:20,740] - 86779b45-3670-414d-b6d4-1c57436e57de - DEBUG - [root:677] - Begin unittest...
[2021-12-20 00:34:20,782] - 86779b45-3670-414d-b6d4-1c57436e57de - DEBUG - [root:49] - Starting Note Keeper...
[2021-12-20 00:34:20,782] - 86779b45-3670-414d-b6d4-1c57436e57de - DEBUG - [storage:35] - Initializing...
[2021-12-20 00:34:20,782] - 86779b45-3670-414d-b6d4-1c57436e57de - DEBUG - [storage:74] - Initializing complete.
[2021-12-20 00:34:20,782] - 86779b45-3670-414d-b6d4-1c57436e57de - DEBUG - [storage:86] - Loading...
[2021-12-20 00:34:20,782] - 86779b45-3670-414d-b6d4-1c57436e57de - DEBUG - [storage:108] - Retrieving data from records.yaml...
[2021-12-20 00:34:20,905] - 86779b45-3670-414d-b6d4-1c57436e57de - DEBUG - [storage:119] - Retrieving data from records.yaml complete.
[2021-12-20 00:34:20,905] - 86779b45-3670-414d-b6d4-1c57436e57de - DEBUG - [storage:140] - Instantiating template objects...
[2021-12-20 00:34:20,905] - 86779b45-3670-414d-b6d4-1c57436e57de - DEBUG - [storage:145] - Instantiating template objects complete.
[2021-12-20 00:34:20,905] - 86779b45-3670-414d-b6d4-1c57436e57de - DEBUG - [storage:91] - Loading complete.
[2021-12-20 00:34:20,905] - 86779b45-3670-414d-b6d4-1c57436e57de - DEBUG - [root:80] - Note Keeper has started.
[2021-12-20 00:34:20,906] - 86779b45-3670-414d-b6d4-1c57436e57de - DEBUG - [root:100] - Creating new note...
[2021-12-20 00:34:20,906] - 86779b45-3670-414d-b6d4-1c57436e57de - DEBUG - [root:123] - New note created and added.
[2021-12-20 00:34:20,907] - 86779b45-3670-414d-b6d4-1c57436e57de - DEBUG - [root:100] - Creating new note...
[2021-12-20 00:34:20,907] - 86779b45-3670-414d-b6d4-1c57436e57de - DEBUG - [root:123] - New note created and added.
[2021-12-20 00:34:20,908] - 86779b45-3670-414d-b6d4-1c57436e57de - DEBUG - [root:100] - Creating new note...
[2021-12-20 00:34:20,908] - 86779b45-3670-414d-b6d4-1c57436e57de - DEBUG - [root:123] - New note created and added.
[2021-12-20 00:34:20,909] - 86779b45-3670-414d-b6d4-1c57436e57de - DEBUG - [root:100] - Creating new note...
[2021-12-20 00:34:20,909] - 86779b45-3670-414d-b6d4-1c57436e57de - DEBUG - [root:123] - New note created and added.
[2021-12-20 00:34:20,910] - 86779b45-3670-414d-b6d4-1c57436e57de - DEBUG - [root:100] - Creating new note...
[2021-12-20 00:34:20,910] - 86779b45-3670-414d-b6d4-1c57436e57de - DEBUG - [root:123] - New note created and added.
[2021-12-20 00:34:20,911] - 86779b45-3670-414d-b6d4-1c57436e57de - DEBUG - [root:100] - Creating new note...
[2021-12-20 00:34:20,911] - 86779b45-3670-414d-b6d4-1c57436e57de - DEBUG - [root:123] - New note created and added.
[2021-12-20 00:34:20,912] - 86779b45-3670-414d-b6d4-1c57436e57de - DEBUG - [root:100] - Creating new note...
[2021-12-20 00:34:20,912] - 86779b45-3670-414d-b6d4-1c57436e57de - DEBUG - [root:123] - New note created and added.
[2021-12-20 00:34:20,913] - 86779b45-3670-414d-b6d4-1c57436e57de - DEBUG - [root:100] - Creating new note...
[2021-12-20 00:34:20,913] - 86779b45-3670-414d-b6d4-1c57436e57de - DEBUG - [root:123] - New note created and added.
[2021-12-20 00:34:20,914] - 86779b45-3670-414d-b6d4-1c57436e57de - DEBUG - [root:100] - Creating new note...
[2021-12-20 00:34:20,914] - 86779b45-3670-414d-b6d4-1c57436e57de - DEBUG - [root:123] - New note created and added.
[2021-12-20 00:34:20,915] - 86779b45-3670-414d-b6d4-1c57436e57de - DEBUG - [root:100] - Creating new note...
[2021-12-20 00:34:20,915] - 86779b45-3670-414d-b6d4-1c57436e57de - DEBUG - [root:123] - New note created and added.
[2021-12-20 00:34:20,917] - 86779b45-3670-414d-b6d4-1c57436e57de - DEBUG - [root:100] - Creating new note...
[2021-12-20 00:34:20,917] - 86779b45-3670-414d-b6d4-1c57436e57de - DEBUG - [root:137] - Generate new id number...
[2021-12-20 00:34:20,917] - 86779b45-3670-414d-b6d4-1c57436e57de - DEBUG - [root:155] - New id number generated.
[2021-12-20 00:34:20,917] - 86779b45-3670-414d-b6d4-1c57436e57de - DEBUG - [root:123] - New note created and added.
[2021-12-20 00:34:20,917] - 86779b45-3670-414d-b6d4-1c57436e57de - DEBUG - [core:69] - __eq__...
[2021-12-20 00:34:20,917] - 86779b45-3670-414d-b6d4-1c57436e57de - DEBUG - [core:91] - __eq__ = False.
[2021-12-20 00:34:20,917] - 86779b45-3670-414d-b6d4-1c57436e57de - DEBUG - [root:247] - Deleting template. Type: ComprehensiveExam, id: 9581607038...
[2021-12-20 00:34:20,917] - 86779b45-3670-414d-b6d4-1c57436e57de - DEBUG - [core:69] - __eq__...
[2021-12-20 00:34:20,917] - 86779b45-3670-414d-b6d4-1c57436e57de - DEBUG - [core:91] - __eq__ = False.
[2021-12-20 00:34:20,917] - 86779b45-3670-414d-b6d4-1c57436e57de - DEBUG - [root:272] - Template Type: ComprehensiveExam, id: 9581607038, has been deleted.
[2021-12-20 00:34:20,917] - 86779b45-3670-414d-b6d4-1c57436e57de - DEBUG - [core:69] - __eq__...
[2021-12-20 00:34:20,917] - 86779b45-3670-414d-b6d4-1c57436e57de - DEBUG - [core:91] - __eq__ = False.
[2021-12-20 00:34:20,917] - 86779b45-3670-414d-b6d4-1c57436e57de - DEBUG - [core:137] - ComprehensiveExam, id: 9581607038 to_dict...
[2021-12-20 00:34:20,917] - 86779b45-3670-414d-b6d4-1c57436e57de - DEBUG - [core:143] - ComprehensiveExam, id: 9581607038 to_dict.
[2021-12-20 00:34:20,917] - 86779b45-3670-414d-b6d4-1c57436e57de - DEBUG - [root:100] - Creating new note...
[2021-12-20 00:34:20,917] - 86779b45-3670-414d-b6d4-1c57436e57de - DEBUG - [root:137] - Generate new id number...
[2021-12-20 00:34:20,917] - 86779b45-3670-414d-b6d4-1c57436e57de - DEBUG - [root:155] - New id number generated.
[2021-12-20 00:34:20,917] - 86779b45-3670-414d-b6d4-1c57436e57de - DEBUG - [root:123] - New note created and added.
[2021-12-20 00:34:20,917] - 86779b45-3670-414d-b6d4-1c57436e57de - DEBUG - [core:137] - Surgery, id: 1432065231 to_dict...
[2021-12-20 00:34:20,918] - 86779b45-3670-414d-b6d4-1c57436e57de - DEBUG - [core:143] - Surgery, id: 1432065231 to_dict.
[2021-12-20 00:34:20,918] - 86779b45-3670-414d-b6d4-1c57436e57de - DEBUG - [root:170] - Finding template to display...
[2021-12-20 00:34:20,918] - 86779b45-3670-414d-b6d4-1c57436e57de - DEBUG - [root:193] - Template found.
[2021-12-20 00:34:20,918] - 86779b45-3670-414d-b6d4-1c57436e57de - DEBUG - [root:291] - Editing note template...
[2021-12-20 00:34:20,918] - 86779b45-3670-414d-b6d4-1c57436e57de - DEBUG - [core:137] - HygieneExam, id: 7545158566 to_dict...
[2021-12-20 00:34:20,918] - 86779b45-3670-414d-b6d4-1c57436e57de - DEBUG - [core:143] - HygieneExam, id: 7545158566 to_dict.
[2021-12-20 00:34:20,918] - 86779b45-3670-414d-b6d4-1c57436e57de - DEBUG - [root:247] - Deleting template. Type: HygieneExam, id: 7545158566...
[2021-12-20 00:34:20,918] - 86779b45-3670-414d-b6d4-1c57436e57de - DEBUG - [core:69] - __eq__...
[2021-12-20 00:34:20,918] - 86779b45-3670-414d-b6d4-1c57436e57de - DEBUG - [core:91] - __eq__ = False.
[2021-12-20 00:34:20,918] - 86779b45-3670-414d-b6d4-1c57436e57de - DEBUG - [root:272] - Template Type: HygieneExam, id: 7545158566, has been deleted.
[2021-12-20 00:34:20,918] - 86779b45-3670-414d-b6d4-1c57436e57de - DEBUG - [root:100] - Creating new note...
[2021-12-20 00:34:20,918] - 86779b45-3670-414d-b6d4-1c57436e57de - DEBUG - [root:123] - New note created and added.
[2021-12-20 00:34:20,918] - 86779b45-3670-414d-b6d4-1c57436e57de - DEBUG - [root:346] - Note template has been edited.
[2021-12-20 00:34:20,918] - 86779b45-3670-414d-b6d4-1c57436e57de - DEBUG - [root:348] - Editing note template complete.
[2021-12-20 00:34:20,918] - 86779b45-3670-414d-b6d4-1c57436e57de - DEBUG - [core:137] - HygieneExam, id: 7545158566 to_dict...
[2021-12-20 00:34:20,918] - 86779b45-3670-414d-b6d4-1c57436e57de - DEBUG - [core:143] - HygieneExam, id: 7545158566 to_dict.
[2021-12-20 00:34:20,918] - 86779b45-3670-414d-b6d4-1c57436e57de - DEBUG - [core:137] - HygieneExam, id: 7545158566 to_dict...
[2021-12-20 00:34:20,918] - 86779b45-3670-414d-b6d4-1c57436e57de - DEBUG - [core:143] - HygieneExam, id: 7545158566 to_dict.
[2021-12-20 00:34:20,919] - 86779b45-3670-414d-b6d4-1c57436e57de - DEBUG - [storage:35] - Initializing...
[2021-12-20 00:34:20,919] - 86779b45-3670-414d-b6d4-1c57436e57de - DEBUG - [storage:74] - Initializing complete.
[2021-12-20 00:34:20,934] - 86779b45-3670-414d-b6d4-1c57436e57de - WARNING - [storage:192] - Error for ID #: 2539565804. ID already in use for another note template.
[2021-12-20 00:34:20,934] - 86779b45-3670-414d-b6d4-1c57436e57de - WARNING - [storage:186] - Error for ID #: 25395658041. Must be 10.
[2021-12-20 00:34:20,936] - 86779b45-3670-414d-b6d4-1c57436e57de - DEBUG - [core:137] - LimitedExam, id: 1020643251 to_dict...
[2021-12-20 00:34:20,936] - 86779b45-3670-414d-b6d4-1c57436e57de - DEBUG - [core:143] - LimitedExam, id: 1020643251 to_dict.
[2021-12-20 00:34:20,937] - 86779b45-3670-414d-b6d4-1c57436e57de - DEBUG - [core:137] - LimitedExam, id: 1020643251 to_dict...
[2021-12-20 00:34:20,937] - 86779b45-3670-414d-b6d4-1c57436e57de - DEBUG - [core:143] - LimitedExam, id: 1020643251 to_dict.
[2021-12-20 00:34:20,937] - 86779b45-3670-414d-b6d4-1c57436e57de - DEBUG - [root:683] - Unittest complete.
[2021-12-20 00:34:20,937] - 86779b45-3670-414d-b6d4-1c57436e57de - DEBUG - [root:49] - Initializing...
[2021-12-20 00:34:20,937] - 86779b45-3670-414d-b6d4-1c57436e57de - DEBUG - [storage:35] - Initializing...
[2021-12-20 00:34:20,937] - 86779b45-3670-414d-b6d4-1c57436e57de - DEBUG - [storage:74] - Initializing complete.
[2021-12-20 00:34:20,937] - 86779b45-3670-414d-b6d4-1c57436e57de - DEBUG - [storage:86] - Loading...
[2021-12-20 00:34:20,937] - 86779b45-3670-414d-b6d4-1c57436e57de - DEBUG - [storage:108] - Retrieving data from records.yaml...
[2021-12-20 00:34:21,079] - 86779b45-3670-414d-b6d4-1c57436e57de - DEBUG - [storage:119] - Retrieving data from records.yaml complete.
[2021-12-20 00:34:21,079] - 86779b45-3670-414d-b6d4-1c57436e57de - DEBUG - [storage:140] - Instantiating template objects...
[2021-12-20 00:34:21,079] - 86779b45-3670-414d-b6d4-1c57436e57de - DEBUG - [storage:145] - Instantiating template objects complete.
[2021-12-20 00:34:21,079] - 86779b45-3670-414d-b6d4-1c57436e57de - DEBUG - [storage:91] - Loading complete.
[2021-12-20 00:34:21,080] - 86779b45-3670-414d-b6d4-1c57436e57de - DEBUG - [root:80] - Initializing complete.
[2021-12-20 00:34:21,080] - 86779b45-3670-414d-b6d4-1c57436e57de - DEBUG - [root:686] - Parsing arguments through application...
[2021-12-20 00:34:21,080] - 86779b45-3670-414d-b6d4-1c57436e57de - DEBUG - [root:788] - main.
[2021-12-20 20:32:09,255] - 108b40ef-9809-4ff0-b53f-958c292342c8 - DEBUG - [root:784] - main...
[2021-12-20 20:32:09,256] - 108b40ef-9809-4ff0-b53f-958c292342c8 - DEBUG - [root:552] - parse_args...
[2021-12-20 20:32:09,259] - 108b40ef-9809-4ff0-b53f-958c292342c8 - DEBUG - [root:643] - args: Namespace(add=False, all=False, date=False, delete=False, display=False, edit=False, persistent=False, test=True)
[2021-12-20 20:32:09,259] - 108b40ef-9809-4ff0-b53f-958c292342c8 - DEBUG - [root:644] - parse_args complete.
[2021-12-20 20:32:09,259] - 108b40ef-9809-4ff0-b53f-958c292342c8 - DEBUG - [root:659] - Checking for arguments from shell...
[2021-12-20 20:32:09,259] - 108b40ef-9809-4ff0-b53f-958c292342c8 - DEBUG - [root:674] - arg_parse() arguments found.
[2021-12-20 20:32:09,259] - 108b40ef-9809-4ff0-b53f-958c292342c8 - DEBUG - [root:677] - Begin unittest...
[2021-12-20 20:32:09,289] - 108b40ef-9809-4ff0-b53f-958c292342c8 - DEBUG - [root:49] - Starting Note Keeper...
[2021-12-20 20:32:09,289] - 108b40ef-9809-4ff0-b53f-958c292342c8 - DEBUG - [storage:35] - Initializing...
[2021-12-20 20:32:09,289] - 108b40ef-9809-4ff0-b53f-958c292342c8 - DEBUG - [storage:74] - Initializing complete.
[2021-12-20 20:32:09,289] - 108b40ef-9809-4ff0-b53f-958c292342c8 - DEBUG - [storage:86] - Loading...
[2021-12-20 20:32:09,289] - 108b40ef-9809-4ff0-b53f-958c292342c8 - DEBUG - [storage:108] - Retrieving data from records.yaml...
[2021-12-20 20:32:09,406] - 108b40ef-9809-4ff0-b53f-958c292342c8 - DEBUG - [storage:119] - Retrieving data from records.yaml complete.
[2021-12-20 20:32:09,406] - 108b40ef-9809-4ff0-b53f-958c292342c8 - DEBUG - [storage:140] - Instantiating template objects...
[2021-12-20 20:32:09,406] - 108b40ef-9809-4ff0-b53f-958c292342c8 - DEBUG - [storage:145] - Instantiating template objects complete.
[2021-12-20 20:32:09,406] - 108b40ef-9809-4ff0-b53f-958c292342c8 - DEBUG - [storage:91] - Loading complete.
[2021-12-20 20:32:09,406] - 108b40ef-9809-4ff0-b53f-958c292342c8 - DEBUG - [root:80] - Note Keeper has started.
[2021-12-20 20:32:09,407] - 108b40ef-9809-4ff0-b53f-958c292342c8 - DEBUG - [root:100] - Creating new note...
[2021-12-20 20:32:09,407] - 108b40ef-9809-4ff0-b53f-958c292342c8 - DEBUG - [root:123] - New note created and added.
[2021-12-20 20:32:09,408] - 108b40ef-9809-4ff0-b53f-958c292342c8 - DEBUG - [root:100] - Creating new note...
[2021-12-20 20:32:09,408] - 108b40ef-9809-4ff0-b53f-958c292342c8 - DEBUG - [root:123] - New note created and added.
[2021-12-20 20:32:09,409] - 108b40ef-9809-4ff0-b53f-958c292342c8 - DEBUG - [root:100] - Creating new note...
[2021-12-20 20:32:09,409] - 108b40ef-9809-4ff0-b53f-958c292342c8 - DEBUG - [root:123] - New note created and added.
[2021-12-20 20:32:09,410] - 108b40ef-9809-4ff0-b53f-958c292342c8 - DEBUG - [root:100] - Creating new note...
[2021-12-20 20:32:09,410] - 108b40ef-9809-4ff0-b53f-958c292342c8 - DEBUG - [root:123] - New note created and added.
[2021-12-20 20:32:09,411] - 108b40ef-9809-4ff0-b53f-958c292342c8 - DEBUG - [root:100] - Creating new note...
[2021-12-20 20:32:09,411] - 108b40ef-9809-4ff0-b53f-958c292342c8 - DEBUG - [root:123] - New note created and added.
[2021-12-20 20:32:09,412] - 108b40ef-9809-4ff0-b53f-958c292342c8 - DEBUG - [root:100] - Creating new note...
[2021-12-20 20:32:09,412] - 108b40ef-9809-4ff0-b53f-958c292342c8 - DEBUG - [root:123] - New note created and added.
[2021-12-20 20:32:09,413] - 108b40ef-9809-4ff0-b53f-958c292342c8 - DEBUG - [root:100] - Creating new note...
[2021-12-20 20:32:09,413] - 108b40ef-9809-4ff0-b53f-958c292342c8 - DEBUG - [root:123] - New note created and added.
[2021-12-20 20:32:09,414] - 108b40ef-9809-4ff0-b53f-958c292342c8 - DEBUG - [root:100] - Creating new note...
[2021-12-20 20:32:09,414] - 108b40ef-9809-4ff0-b53f-958c292342c8 - DEBUG - [root:123] - New note created and added.
[2021-12-20 20:32:09,415] - 108b40ef-9809-4ff0-b53f-958c292342c8 - DEBUG - [root:100] - Creating new note...
[2021-12-20 20:32:09,415] - 108b40ef-9809-4ff0-b53f-958c292342c8 - DEBUG - [root:123] - New note created and added.
[2021-12-20 20:32:09,416] - 108b40ef-9809-4ff0-b53f-958c292342c8 - DEBUG - [root:100] - Creating new note...
[2021-12-20 20:32:09,416] - 108b40ef-9809-4ff0-b53f-958c292342c8 - DEBUG - [root:123] - New note created and added.
[2021-12-20 20:32:09,417] - 108b40ef-9809-4ff0-b53f-958c292342c8 - DEBUG - [root:100] - Creating new note...
[2021-12-20 20:32:09,417] - 108b40ef-9809-4ff0-b53f-958c292342c8 - DEBUG - [root:123] - New note created and added.
[2021-12-20 20:32:09,418] - 108b40ef-9809-4ff0-b53f-958c292342c8 - DEBUG - [root:100] - Creating new note...
[2021-12-20 20:32:09,418] - 108b40ef-9809-4ff0-b53f-958c292342c8 - DEBUG - [root:137] - Generate new id number...
[2021-12-20 20:32:09,418] - 108b40ef-9809-4ff0-b53f-958c292342c8 - DEBUG - [root:155] - New id number generated.
[2021-12-20 20:32:09,418] - 108b40ef-9809-4ff0-b53f-958c292342c8 - DEBUG - [root:123] - New note created and added.
[2021-12-20 20:32:09,419] - 108b40ef-9809-4ff0-b53f-958c292342c8 - DEBUG - [root:247] - Deleting template. Type: Surgery, id: 9293563663...
[2021-12-20 20:32:09,419] - 108b40ef-9809-4ff0-b53f-958c292342c8 - DEBUG - [root:272] - Template Type: Surgery, id: 9293563663, has been deleted.
[2021-12-20 20:32:09,419] - 108b40ef-9809-4ff0-b53f-958c292342c8 - DEBUG - [core:137] - Surgery, id: 9293563663 to_dict...
[2021-12-20 20:32:09,419] - 108b40ef-9809-4ff0-b53f-958c292342c8 - DEBUG - [core:143] - Surgery, id: 9293563663 to_dict.
[2021-12-20 20:32:09,419] - 108b40ef-9809-4ff0-b53f-958c292342c8 - DEBUG - [root:100] - Creating new note...
[2021-12-20 20:32:09,419] - 108b40ef-9809-4ff0-b53f-958c292342c8 - DEBUG - [root:137] - Generate new id number...
[2021-12-20 20:32:09,419] - 108b40ef-9809-4ff0-b53f-958c292342c8 - DEBUG - [root:155] - New id number generated.
[2021-12-20 20:32:09,419] - 108b40ef-9809-4ff0-b53f-958c292342c8 - DEBUG - [root:123] - New note created and added.
[2021-12-20 20:32:09,419] - 108b40ef-9809-4ff0-b53f-958c292342c8 - DEBUG - [core:137] - HygieneExam, id: 6148426391 to_dict...
[2021-12-20 20:32:09,419] - 108b40ef-9809-4ff0-b53f-958c292342c8 - DEBUG - [core:143] - HygieneExam, id: 6148426391 to_dict.
[2021-12-20 20:32:09,419] - 108b40ef-9809-4ff0-b53f-958c292342c8 - DEBUG - [root:170] - Finding template to display...
[2021-12-20 20:32:09,419] - 108b40ef-9809-4ff0-b53f-958c292342c8 - DEBUG - [root:193] - Template found.
[2021-12-20 20:32:09,419] - 108b40ef-9809-4ff0-b53f-958c292342c8 - DEBUG - [root:291] - Editing note template...
[2021-12-20 20:32:09,419] - 108b40ef-9809-4ff0-b53f-958c292342c8 - DEBUG - [core:137] - LimitedExam, id: 6069976064 to_dict...
[2021-12-20 20:32:09,419] - 108b40ef-9809-4ff0-b53f-958c292342c8 - DEBUG - [core:143] - LimitedExam, id: 6069976064 to_dict.
[2021-12-20 20:32:09,419] - 108b40ef-9809-4ff0-b53f-958c292342c8 - DEBUG - [root:247] - Deleting template. Type: LimitedExam, id: 6069976064...
[2021-12-20 20:32:09,419] - 108b40ef-9809-4ff0-b53f-958c292342c8 - DEBUG - [root:272] - Template Type: LimitedExam, id: 6069976064, has been deleted.
[2021-12-20 20:32:09,419] - 108b40ef-9809-4ff0-b53f-958c292342c8 - DEBUG - [root:100] - Creating new note...
[2021-12-20 20:32:09,419] - 108b40ef-9809-4ff0-b53f-958c292342c8 - DEBUG - [root:123] - New note created and added.
[2021-12-20 20:32:09,419] - 108b40ef-9809-4ff0-b53f-958c292342c8 - DEBUG - [root:346] - Note template has been edited.
[2021-12-20 20:32:09,419] - 108b40ef-9809-4ff0-b53f-958c292342c8 - DEBUG - [root:348] - Editing note template complete.
[2021-12-20 20:32:09,419] - 108b40ef-9809-4ff0-b53f-958c292342c8 - DEBUG - [core:137] - LimitedExam, id: 6069976064 to_dict...
[2021-12-20 20:32:09,419] - 108b40ef-9809-4ff0-b53f-958c292342c8 - DEBUG - [core:143] - LimitedExam, id: 6069976064 to_dict.
[2021-12-20 20:32:09,419] - 108b40ef-9809-4ff0-b53f-958c292342c8 - DEBUG - [core:137] - LimitedExam, id: 6069976064 to_dict...
[2021-12-20 20:32:09,419] - 108b40ef-9809-4ff0-b53f-958c292342c8 - DEBUG - [core:143] - LimitedExam, id: 6069976064 to_dict.
[2021-12-20 20:32:09,424] - 108b40ef-9809-4ff0-b53f-958c292342c8 - DEBUG - [storage:35] - Initializing...
[2021-12-20 20:32:09,424] - 108b40ef-9809-4ff0-b53f-958c292342c8 - DEBUG - [storage:74] - Initializing complete.
[2021-12-20 20:32:09,445] - 108b40ef-9809-4ff0-b53f-958c292342c8 - WARNING - [storage:192] - Error for ID #: 2478674913. ID already in use for another note template.
[2021-12-20 20:32:09,446] - 108b40ef-9809-4ff0-b53f-958c292342c8 - WARNING - [storage:186] - Error for ID #: 24786749131. Must be 10.
[2021-12-20 20:32:09,448] - 108b40ef-9809-4ff0-b53f-958c292342c8 - DEBUG - [core:137] - LimitedExam, id: 2001702866 to_dict...
[2021-12-20 20:32:09,448] - 108b40ef-9809-4ff0-b53f-958c292342c8 - DEBUG - [core:143] - LimitedExam, id: 2001702866 to_dict.
[2021-12-20 20:32:09,449] - 108b40ef-9809-4ff0-b53f-958c292342c8 - DEBUG - [core:137] - LimitedExam, id: 2001702866 to_dict...
[2021-12-20 20:32:09,449] - 108b40ef-9809-4ff0-b53f-958c292342c8 - DEBUG - [core:143] - LimitedExam, id: 2001702866 to_dict.
[2021-12-20 20:32:09,449] - 108b40ef-9809-4ff0-b53f-958c292342c8 - DEBUG - [root:683] - Unittest complete.
[2021-12-20 20:32:09,449] - 108b40ef-9809-4ff0-b53f-958c292342c8 - DEBUG - [root:49] - Initializing...
[2021-12-20 20:32:09,449] - 108b40ef-9809-4ff0-b53f-958c292342c8 - DEBUG - [storage:35] - Initializing...
[2021-12-20 20:32:09,449] - 108b40ef-9809-4ff0-b53f-958c292342c8 - DEBUG - [storage:74] - Initializing complete.
[2021-12-20 20:32:09,449] - 108b40ef-9809-4ff0-b53f-958c292342c8 - DEBUG - [storage:86] - Loading...
[2021-12-20 20:32:09,449] - 108b40ef-9809-4ff0-b53f-958c292342c8 - DEBUG - [storage:108] - Retrieving data from records.yaml...
[2021-12-20 20:32:09,578] - 108b40ef-9809-4ff0-b53f-958c292342c8 - DEBUG - [storage:119] - Retrieving data from records.yaml complete.
[2021-12-20 20:32:09,578] - 108b40ef-9809-4ff0-b53f-958c292342c8 - DEBUG - [storage:140] - Instantiating template objects...
[2021-12-20 20:32:09,578] - 108b40ef-9809-4ff0-b53f-958c292342c8 - DEBUG - [storage:145] - Instantiating template objects complete.
[2021-12-20 20:32:09,579] - 108b40ef-9809-4ff0-b53f-958c292342c8 - DEBUG - [storage:91] - Loading complete.
[2021-12-20 20:32:09,579] - 108b40ef-9809-4ff0-b53f-958c292342c8 - DEBUG - [root:80] - Initializing complete.
[2021-12-20 20:32:09,579] - 108b40ef-9809-4ff0-b53f-958c292342c8 - DEBUG - [root:686] - Parsing arguments through application...
[2021-12-20 20:32:09,579] - 108b40ef-9809-4ff0-b53f-958c292342c8 - DEBUG - [root:788] - main.
